10/05/2014 11:11:23 (Std) 	+-+-+-+-+-+-+-+-+-+-+-+-+-+-+-+-+-+-+-+-+-+-+-+-+-+-+-+-+-+-+-+-+-+-+-+-+-+-+-+
10/05/2014 11:11:23 (Std) 	+                     Crazy Eddie's GUI System - Event log                    +
10/05/2014 11:11:23 (Std) 	+                          (http://www.cegui.org.uk/)                         +
10/05/2014 11:11:23 (Std) 	+-+-+-+-+-+-+-+-+-+-+-+-+-+-+-+-+-+-+-+-+-+-+-+-+-+-+-+-+-+-+-+-+-+-+-+-+-+-+-+

10/05/2014 11:11:23 (Std) 	CEGUI::Logger singleton created. (0x2618dc0)
10/05/2014 11:11:23 (Std) 	
10/05/2014 11:11:23 (Std) 	********************************************************************************
10/05/2014 11:11:23 (Std) 	* Important:                                                                   *
10/05/2014 11:11:23 (Std) 	*     To get support at the CEGUI forums, you must post _at least_ the section *
10/05/2014 11:11:23 (Std) 	*     of this log file indicated below.  Failure to do this will result in no  *
10/05/2014 11:11:23 (Std) 	*     support being given; please do not waste our time.                       *
10/05/2014 11:11:23 (Std) 	********************************************************************************
10/05/2014 11:11:23 (Std) 	********************************************************************************
10/05/2014 11:11:23 (Std) 	* -------- START OF ESSENTIAL SECTION TO BE POSTED ON THE FORUM       -------- *
10/05/2014 11:11:23 (Std) 	********************************************************************************
10/05/2014 11:11:23 (Std) 	---- Version 0.7.6 (Build: Jan  2 2014 GNU/Linux g++ 4.8.2 64 bit) ----
10/05/2014 11:11:23 (Std) 	---- Renderer module is: CEGUI::OgreRenderer - Official OGRE based 2nd generation renderer module. ----
10/05/2014 11:11:23 (Std) 	---- XML Parser module is: CEGUI::TinyXMLParser - Official tinyXML based parser module for CEGUI ----
10/05/2014 11:11:23 (Std) 	---- Image Codec module is: OgreImageCodec - Integrated ImageCodec using the Ogre engine. ----
10/05/2014 11:11:23 (Std) 	---- Scripting module is: None ----
10/05/2014 11:11:23 (Std) 	********************************************************************************
10/05/2014 11:11:23 (Std) 	* -------- END OF ESSENTIAL SECTION TO BE POSTED ON THE FORUM         -------- *
10/05/2014 11:11:23 (Std) 	********************************************************************************
10/05/2014 11:11:23 (Std) 	
10/05/2014 11:11:23 (Std) 	---- Begining CEGUI System initialisation ----
10/05/2014 11:11:23 (Std) 	CEGUI::ImagesetManager singleton created (0x262ea90)
10/05/2014 11:11:23 (Std) 	CEGUI::FontManager singleton created. (0x2622990)
10/05/2014 11:11:23 (Std) 	CEGUI::WindowFactoryManager singleton created
10/05/2014 11:11:23 (Std) 	CEGUI::WindowManager singleton created (0x25f7950)
10/05/2014 11:11:23 (Std) 	CEGUI::SchemeManager singleton created. (0x25df4b0)
10/05/2014 11:11:23 (Std) 	CEGUI::MouseCursor singleton created. (0x25d4510)
10/05/2014 11:11:23 (Std) 	CEGUI::GlobalEventSet singleton created. (0x25f10a0)
10/05/2014 11:11:23 (Std) 	CEGUI::AnimationManager singleton created (0x25dcbc0)
10/05/2014 11:11:23 (Std) 	CEGUI::WidgetLookManager singleton created. (0x226b280)
10/05/2014 11:11:23 (Std) 	CEGUI::WindowRendererManager singleton created (0x224e0c0)
10/05/2014 11:11:23 (Std) 	CEGUI::RenderEffectManager singleton created (0x2628890)
10/05/2014 11:11:23 (Std) 	Created WindowFactory for 'DefaultWindow' windows.
10/05/2014 11:11:23 (Std) 	WindowFactory for 'DefaultWindow' windows added. (0x25f4c20)
10/05/2014 11:11:23 (Std) 	Created WindowFactory for 'DragContainer' windows.
10/05/2014 11:11:23 (Std) 	WindowFactory for 'DragContainer' windows added. (0x25f83e0)
10/05/2014 11:11:23 (Std) 	Created WindowFactory for 'ScrolledContainer' windows.
10/05/2014 11:11:23 (Std) 	WindowFactory for 'ScrolledContainer' windows added. (0x25ec490)
10/05/2014 11:11:23 (Std) 	Created WindowFactory for 'ClippedContainer' windows.
10/05/2014 11:11:23 (Std) 	WindowFactory for 'ClippedContainer' windows added. (0x2603410)
10/05/2014 11:11:23 (Std) 	Created WindowFactory for 'CEGUI/Checkbox' windows.
10/05/2014 11:11:23 (Std) 	WindowFactory for 'CEGUI/Checkbox' windows added. (0x2620ae0)
10/05/2014 11:11:23 (Std) 	Created WindowFactory for 'CEGUI/PushButton' windows.
10/05/2014 11:11:23 (Std) 	WindowFactory for 'CEGUI/PushButton' windows added. (0x261bd40)
10/05/2014 11:11:23 (Std) 	Created WindowFactory for 'CEGUI/RadioButton' windows.
10/05/2014 11:11:23 (Std) 	WindowFactory for 'CEGUI/RadioButton' windows added. (0x261ba00)
10/05/2014 11:11:23 (Std) 	Created WindowFactory for 'CEGUI/Combobox' windows.
10/05/2014 11:11:23 (Std) 	WindowFactory for 'CEGUI/Combobox' windows added. (0x25e3f00)
10/05/2014 11:11:23 (Std) 	Created WindowFactory for 'CEGUI/ComboDropList' windows.
10/05/2014 11:11:23 (Std) 	WindowFactory for 'CEGUI/ComboDropList' windows added. (0x2620cc0)
10/05/2014 11:11:23 (Std) 	Created WindowFactory for 'CEGUI/Editbox' windows.
10/05/2014 11:11:23 (Std) 	WindowFactory for 'CEGUI/Editbox' windows added. (0x2620ea0)
10/05/2014 11:11:23 (Std) 	Created WindowFactory for 'CEGUI/FrameWindow' windows.
10/05/2014 11:11:23 (Std) 	WindowFactory for 'CEGUI/FrameWindow' windows added. (0x2618620)
10/05/2014 11:11:23 (Std) 	Created WindowFactory for 'CEGUI/ItemEntry' windows.
10/05/2014 11:11:23 (Std) 	WindowFactory for 'CEGUI/ItemEntry' windows added. (0x26234c0)
10/05/2014 11:11:23 (Std) 	Created WindowFactory for 'CEGUI/Listbox' windows.
10/05/2014 11:11:23 (Std) 	WindowFactory for 'CEGUI/Listbox' windows added. (0x25fd780)
10/05/2014 11:11:23 (Std) 	Created WindowFactory for 'CEGUI/ListHeader' windows.
10/05/2014 11:11:23 (Std) 	WindowFactory for 'CEGUI/ListHeader' windows added. (0x2622500)
10/05/2014 11:11:23 (Std) 	Created WindowFactory for 'CEGUI/ListHeaderSegment' windows.
10/05/2014 11:11:23 (Std) 	WindowFactory for 'CEGUI/ListHeaderSegment' windows added. (0x2622b10)
10/05/2014 11:11:23 (Std) 	Created WindowFactory for 'CEGUI/Menubar' windows.
10/05/2014 11:11:23 (Std) 	WindowFactory for 'CEGUI/Menubar' windows added. (0x2618830)
10/05/2014 11:11:23 (Std) 	Created WindowFactory for 'CEGUI/PopupMenu' windows.
10/05/2014 11:11:23 (Std) 	WindowFactory for 'CEGUI/PopupMenu' windows added. (0x25f5ad0)
10/05/2014 11:11:23 (Std) 	Created WindowFactory for 'CEGUI/MenuItem' windows.
10/05/2014 11:11:23 (Std) 	WindowFactory for 'CEGUI/MenuItem' windows added. (0x25f5580)
10/05/2014 11:11:23 (Std) 	Created WindowFactory for 'CEGUI/MultiColumnList' windows.
10/05/2014 11:11:23 (Std) 	WindowFactory for 'CEGUI/MultiColumnList' windows added. (0x2603cd0)
10/05/2014 11:11:23 (Std) 	Created WindowFactory for 'CEGUI/MultiLineEditbox' windows.
10/05/2014 11:11:23 (Std) 	WindowFactory for 'CEGUI/MultiLineEditbox' windows added. (0x2623ad0)
10/05/2014 11:11:23 (Std) 	Created WindowFactory for 'CEGUI/ProgressBar' windows.
10/05/2014 11:11:23 (Std) 	WindowFactory for 'CEGUI/ProgressBar' windows added. (0x2622120)
10/05/2014 11:11:23 (Std) 	Created WindowFactory for 'CEGUI/ScrollablePane' windows.
10/05/2014 11:11:23 (Std) 	WindowFactory for 'CEGUI/ScrollablePane' windows added. (0x25ed1e0)
10/05/2014 11:11:23 (Std) 	Created WindowFactory for 'CEGUI/Scrollbar' windows.
10/05/2014 11:11:23 (Std) 	WindowFactory for 'CEGUI/Scrollbar' windows added. (0x2603830)
10/05/2014 11:11:23 (Std) 	Created WindowFactory for 'CEGUI/Slider' windows.
10/05/2014 11:11:23 (Std) 	WindowFactory for 'CEGUI/Slider' windows added. (0x25f2370)
10/05/2014 11:11:23 (Std) 	Created WindowFactory for 'CEGUI/Spinner' windows.
10/05/2014 11:11:23 (Std) 	WindowFactory for 'CEGUI/Spinner' windows added. (0x2622380)
10/05/2014 11:11:23 (Std) 	Created WindowFactory for 'CEGUI/TabButton' windows.
10/05/2014 11:11:23 (Std) 	WindowFactory for 'CEGUI/TabButton' windows added. (0x26035e0)
10/05/2014 11:11:23 (Std) 	Created WindowFactory for 'CEGUI/TabControl' windows.
10/05/2014 11:11:23 (Std) 	WindowFactory for 'CEGUI/TabControl' windows added. (0x2603a80)
10/05/2014 11:11:23 (Std) 	Created WindowFactory for 'CEGUI/Thumb' windows.
10/05/2014 11:11:23 (Std) 	WindowFactory for 'CEGUI/Thumb' windows added. (0x25ecf60)
10/05/2014 11:11:23 (Std) 	Created WindowFactory for 'CEGUI/Titlebar' windows.
10/05/2014 11:11:23 (Std) 	WindowFactory for 'CEGUI/Titlebar' windows added. (0x25e9810)
10/05/2014 11:11:23 (Std) 	Created WindowFactory for 'CEGUI/Tooltip' windows.
10/05/2014 11:11:23 (Std) 	WindowFactory for 'CEGUI/Tooltip' windows added. (0x25ffca0)
10/05/2014 11:11:23 (Std) 	Created WindowFactory for 'CEGUI/ItemListbox' windows.
10/05/2014 11:11:23 (Std) 	WindowFactory for 'CEGUI/ItemListbox' windows added. (0x25efd40)
10/05/2014 11:11:23 (Std) 	Created WindowFactory for 'CEGUI/GroupBox' windows.
10/05/2014 11:11:23 (Std) 	WindowFactory for 'CEGUI/GroupBox' windows added. (0x26174a0)
10/05/2014 11:11:23 (Std) 	Created WindowFactory for 'CEGUI/Tree' windows.
10/05/2014 11:11:23 (Std) 	WindowFactory for 'CEGUI/Tree' windows added. (0x25de230)
10/05/2014 11:11:23 (Std) 	Created WindowFactory for 'HorizontalLayoutContainer' windows.
10/05/2014 11:11:23 (Std) 	WindowFactory for 'HorizontalLayoutContainer' windows added. (0x25f5470)
10/05/2014 11:11:23 (Std) 	Created WindowFactory for 'VerticalLayoutContainer' windows.
10/05/2014 11:11:23 (Std) 	WindowFactory for 'VerticalLayoutContainer' windows added. (0x26499d0)
10/05/2014 11:11:23 (Std) 	Created WindowFactory for 'GridLayoutContainer' windows.
10/05/2014 11:11:23 (Std) 	WindowFactory for 'GridLayoutContainer' windows added. (0x25eab50)
10/05/2014 11:11:23 (Std) 	Window type alias named 'DefaultGUISheet' added for window type 'DefaultWindow'.
10/05/2014 11:11:23 (Std) 	CEGUI::System singleton created. (0x25ff500)
10/05/2014 11:11:23 (Std) 	---- CEGUI System initialisation completed ----
10/05/2014 11:11:23 (Std) 	
10/05/2014 11:11:23 (Std) 	Started creation of Scheme from XML specification:
10/05/2014 11:11:23 (Std) 	---- CEGUI GUIScheme name: TaharezLook
10/05/2014 11:11:23 (Std) 	Started creation of Imageset from XML specification:
10/05/2014 11:11:23 (Std) 	---- CEGUI Imageset name: TaharezLook
10/05/2014 11:11:23 (Std) 	---- Source texture file: TaharezLook.tga in resource group: (Default)
10/05/2014 11:11:23 (Std) 	Started creation of Font from XML specification:
10/05/2014 11:11:23 (Std) 	---- CEGUI font name: DejaVuSans-10
10/05/2014 11:11:23 (Std) 	----       Font type: FreeType
10/05/2014 11:11:23 (Std) 	----     Source file: DejaVuSans.ttf in resource group: (Default)
10/05/2014 11:11:23 (Std) 	---- Real point size: 10
10/05/2014 11:11:23 (Std) 	===== Falagard 'root' element: look and feel parsing begins =====
10/05/2014 11:11:23 (Std) 	===== Look and feel parsing completed =====
10/05/2014 11:11:23 (Std) 	No window renderer factories specified for module 'CEGUIFalagardWRBase' - adding all available factories...
10/05/2014 11:11:23 (Std) 	Created WindowRendererFactory for 'Falagard/Button' WindowRenderers.
10/05/2014 11:11:23 (Std) 	WindowRendererFactory 'Falagard/Button' added. (0x292dde0)
10/05/2014 11:11:23 (Std) 	Created WindowRendererFactory for 'Falagard/Default' WindowRenderers.
10/05/2014 11:11:23 (Std) 	WindowRendererFactory 'Falagard/Default' added. (0x29f9690)
10/05/2014 11:11:23 (Std) 	Created WindowRendererFactory for 'Falagard/Editbox' WindowRenderers.
10/05/2014 11:11:23 (Std) 	WindowRendererFactory 'Falagard/Editbox' added. (0x26700b0)
10/05/2014 11:11:23 (Std) 	Created WindowRendererFactory for 'Falagard/FrameWindow' WindowRenderers.
10/05/2014 11:11:23 (Std) 	WindowRendererFactory 'Falagard/FrameWindow' added. (0x2670170)
10/05/2014 11:11:23 (Std) 	Created WindowRendererFactory for 'Falagard/ItemEntry' WindowRenderers.
10/05/2014 11:11:23 (Std) 	WindowRendererFactory 'Falagard/ItemEntry' added. (0x2a0a860)
10/05/2014 11:11:23 (Std) 	Created WindowRendererFactory for 'Falagard/ListHeader' WindowRenderers.
10/05/2014 11:11:23 (Std) 	WindowRendererFactory 'Falagard/ListHeader' added. (0x29e64b0)
10/05/2014 11:11:23 (Std) 	Created WindowRendererFactory for 'Falagard/ListHeaderSegment' WindowRenderers.
10/05/2014 11:11:23 (Std) 	WindowRendererFactory 'Falagard/ListHeaderSegment' added. (0x29fa0a0)
10/05/2014 11:11:23 (Std) 	Created WindowRendererFactory for 'Falagard/Listbox' WindowRenderers.
10/05/2014 11:11:23 (Std) 	WindowRendererFactory 'Falagard/Listbox' added. (0x2a0ae80)
10/05/2014 11:11:23 (Std) 	Created WindowRendererFactory for 'Falagard/Menubar' WindowRenderers.
10/05/2014 11:11:23 (Std) 	WindowRendererFactory 'Falagard/Menubar' added. (0x2a0b020)
10/05/2014 11:11:23 (Std) 	Created WindowRendererFactory for 'Falagard/MenuItem' WindowRenderers.
10/05/2014 11:11:23 (Std) 	WindowRendererFactory 'Falagard/MenuItem' added. (0x2a0b1c0)
10/05/2014 11:11:23 (Std) 	Created WindowRendererFactory for 'Falagard/MultiColumnList' WindowRenderers.
10/05/2014 11:11:23 (Std) 	WindowRendererFactory 'Falagard/MultiColumnList' added. (0x2a0b360)
10/05/2014 11:11:23 (Std) 	Created WindowRendererFactory for 'Falagard/MultiLineEditbox' WindowRenderers.
10/05/2014 11:11:23 (Std) 	WindowRendererFactory 'Falagard/MultiLineEditbox' added. (0x2a0b500)
10/05/2014 11:11:23 (Std) 	Created WindowRendererFactory for 'Falagard/PopupMenu' WindowRenderers.
10/05/2014 11:11:23 (Std) 	WindowRendererFactory 'Falagard/PopupMenu' added. (0x2a0b6a0)
10/05/2014 11:11:23 (Std) 	Created WindowRendererFactory for 'Falagard/ProgressBar' WindowRenderers.
10/05/2014 11:11:23 (Std) 	WindowRendererFactory 'Falagard/ProgressBar' added. (0x29fba00)
10/05/2014 11:11:23 (Std) 	Created WindowRendererFactory for 'Falagard/ScrollablePane' WindowRenderers.
10/05/2014 11:11:23 (Std) 	WindowRendererFactory 'Falagard/ScrollablePane' added. (0x29fbba0)
10/05/2014 11:11:23 (Std) 	Created WindowRendererFactory for 'Falagard/Scrollbar' WindowRenderers.
10/05/2014 11:11:23 (Std) 	WindowRendererFactory 'Falagard/Scrollbar' added. (0x29fbd40)
10/05/2014 11:11:23 (Std) 	Created WindowRendererFactory for 'Falagard/Slider' WindowRenderers.
10/05/2014 11:11:23 (Std) 	WindowRendererFactory 'Falagard/Slider' added. (0x29fbee0)
10/05/2014 11:11:23 (Std) 	Created WindowRendererFactory for 'Falagard/Static' WindowRenderers.
10/05/2014 11:11:23 (Std) 	WindowRendererFactory 'Falagard/Static' added. (0x29fc190)
10/05/2014 11:11:23 (Std) 	Created WindowRendererFactory for 'Falagard/StaticImage' WindowRenderers.
10/05/2014 11:11:23 (Std) 	WindowRendererFactory 'Falagard/StaticImage' added. (0x29fc330)
10/05/2014 11:11:23 (Std) 	Created WindowRendererFactory for 'Falagard/StaticText' WindowRenderers.
10/05/2014 11:11:23 (Std) 	WindowRendererFactory 'Falagard/StaticText' added. (0x29fc4d0)
10/05/2014 11:11:23 (Std) 	Created WindowRendererFactory for 'Falagard/SystemButton' WindowRenderers.
10/05/2014 11:11:23 (Std) 	WindowRendererFactory 'Falagard/SystemButton' added. (0x292a9d0)
10/05/2014 11:11:23 (Std) 	Created WindowRendererFactory for 'Falagard/TabButton' WindowRenderers.
10/05/2014 11:11:23 (Std) 	WindowRendererFactory 'Falagard/TabButton' added. (0x292ab70)
10/05/2014 11:11:23 (Std) 	Created WindowRendererFactory for 'Falagard/TabControl' WindowRenderers.
10/05/2014 11:11:23 (Std) 	WindowRendererFactory 'Falagard/TabControl' added. (0x292ad10)
10/05/2014 11:11:23 (Std) 	Created WindowRendererFactory for 'Falagard/Titlebar' WindowRenderers.
10/05/2014 11:11:23 (Std) 	WindowRendererFactory 'Falagard/Titlebar' added. (0x292aeb0)
10/05/2014 11:11:23 (Std) 	Created WindowRendererFactory for 'Falagard/ToggleButton' WindowRenderers.
10/05/2014 11:11:23 (Std) 	WindowRendererFactory 'Falagard/ToggleButton' added. (0x292b050)
10/05/2014 11:11:23 (Std) 	Created WindowRendererFactory for 'Falagard/Tooltip' WindowRenderers.
10/05/2014 11:11:23 (Std) 	WindowRendererFactory 'Falagard/Tooltip' added. (0x292b1f0)
10/05/2014 11:11:23 (Std) 	Created WindowRendererFactory for 'Falagard/ItemListbox' WindowRenderers.
10/05/2014 11:11:23 (Std) 	WindowRendererFactory 'Falagard/ItemListbox' added. (0x292b390)
10/05/2014 11:11:23 (Std) 	Created WindowRendererFactory for 'Falagard/Tree' WindowRenderers.
10/05/2014 11:11:23 (Std) 	WindowRendererFactory 'Falagard/Tree' added. (0x292b530)
10/05/2014 11:11:23 (Std) 	Creating falagard mapping for type 'TaharezLook/Button' using base type 'CEGUI/PushButton', window renderer 'Falagard/Button' Look'N'Feel 'TaharezLook/Button' and RenderEffect ''. (0x7fff845e0a60)
10/05/2014 11:11:23 (Std) 	Creating falagard mapping for type 'TaharezLook/Checkbox' using base type 'CEGUI/Checkbox', window renderer 'Falagard/ToggleButton' Look'N'Feel 'TaharezLook/Checkbox' and RenderEffect ''. (0x7fff845e0a60)
10/05/2014 11:11:23 (Std) 	Creating falagard mapping for type 'TaharezLook/ImageButton' using base type 'CEGUI/PushButton', window renderer 'Falagard/Button' Look'N'Feel 'TaharezLook/ImageButton' and RenderEffect ''. (0x7fff845e0a60)
10/05/2014 11:11:23 (Std) 	Creating falagard mapping for type 'TaharezLook/RadioButton' using base type 'CEGUI/RadioButton', window renderer 'Falagard/ToggleButton' Look'N'Feel 'TaharezLook/RadioButton' and RenderEffect ''. (0x7fff845e0a60)
10/05/2014 11:11:23 (Std) 	Creating falagard mapping for type 'TaharezLook/FrameWindow' using base type 'CEGUI/FrameWindow', window renderer 'Falagard/FrameWindow' Look'N'Feel 'TaharezLook/FrameWindow' and RenderEffect ''. (0x7fff845e0a60)
10/05/2014 11:11:23 (Std) 	Creating falagard mapping for type 'TaharezLook/Titlebar' using base type 'CEGUI/Titlebar', window renderer 'Falagard/Titlebar' Look'N'Feel 'TaharezLook/Titlebar' and RenderEffect ''. (0x7fff845e0a60)
10/05/2014 11:11:23 (Std) 	Creating falagard mapping for type 'TaharezLook/SystemButton' using base type 'CEGUI/PushButton', window renderer 'Falagard/Button' Look'N'Feel 'TaharezLook/Button' and RenderEffect ''. (0x7fff845e0a60)
10/05/2014 11:11:23 (Std) 	Creating falagard mapping for type 'TaharezLook/Editbox' using base type 'CEGUI/Editbox', window renderer 'Falagard/Editbox' Look'N'Feel 'TaharezLook/Editbox' and RenderEffect ''. (0x7fff845e0a60)
10/05/2014 11:11:23 (Std) 	Creating falagard mapping for type 'TaharezLook/MultiLineEditbox' using base type 'CEGUI/MultiLineEditbox', window renderer 'Falagard/MultiLineEditbox' Look'N'Feel 'TaharezLook/MultiLineEditbox' and RenderEffect ''. (0x7fff845e0a60)
10/05/2014 11:11:23 (Std) 	Creating falagard mapping for type 'TaharezLook/Menubar' using base type 'CEGUI/Menubar', window renderer 'Falagard/Menubar' Look'N'Feel 'TaharezLook/Menubar' and RenderEffect ''. (0x7fff845e0a60)
10/05/2014 11:11:23 (Std) 	Creating falagard mapping for type 'TaharezLook/PopupMenu' using base type 'CEGUI/PopupMenu', window renderer 'Falagard/PopupMenu' Look'N'Feel 'TaharezLook/PopupMenu' and RenderEffect ''. (0x7fff845e0a60)
10/05/2014 11:11:23 (Std) 	Creating falagard mapping for type 'TaharezLook/MenuItem' using base type 'CEGUI/MenuItem', window renderer 'Falagard/MenuItem' Look'N'Feel 'TaharezLook/MenuItem' and RenderEffect ''. (0x7fff845e0a60)
10/05/2014 11:11:23 (Std) 	Creating falagard mapping for type 'TaharezLook/AlternateProgressBar' using base type 'CEGUI/ProgressBar', window renderer 'Falagard/ProgressBar' Look'N'Feel 'TaharezLook/AltProgressBar' and RenderEffect ''. (0x7fff845e0a60)
10/05/2014 11:11:23 (Std) 	Creating falagard mapping for type 'TaharezLook/ProgressBar' using base type 'CEGUI/ProgressBar', window renderer 'Falagard/ProgressBar' Look'N'Feel 'TaharezLook/ProgressBar' and RenderEffect ''. (0x7fff845e0a60)
10/05/2014 11:11:23 (Std) 	Creating falagard mapping for type 'TaharezLook/VUMeter' using base type 'CEGUI/ProgressBar', window renderer 'Falagard/ProgressBar' Look'N'Feel 'TaharezLook/VUMeter' and RenderEffect ''. (0x7fff845e0a60)
10/05/2014 11:11:23 (Std) 	Creating falagard mapping for type 'TaharezLook/VerticalScrollbar' using base type 'CEGUI/Scrollbar', window renderer 'Falagard/Scrollbar' Look'N'Feel 'TaharezLook/VerticalScrollbar' and RenderEffect ''. (0x7fff845e0a60)
10/05/2014 11:11:23 (Std) 	Creating falagard mapping for type 'TaharezLook/HorizontalScrollbar' using base type 'CEGUI/Scrollbar', window renderer 'Falagard/Scrollbar' Look'N'Feel 'TaharezLook/HorizontalScrollbar' and RenderEffect ''. (0x7fff845e0a60)
10/05/2014 11:11:23 (Std) 	Creating falagard mapping for type 'TaharezLook/VerticalScrollbarThumb' using base type 'CEGUI/Thumb', window renderer 'Falagard/Button' Look'N'Feel 'TaharezLook/VerticalScrollbarThumb' and RenderEffect ''. (0x7fff845e0a60)
10/05/2014 11:11:23 (Std) 	Creating falagard mapping for type 'TaharezLook/HorizontalScrollbarThumb' using base type 'CEGUI/Thumb', window renderer 'Falagard/Button' Look'N'Feel 'TaharezLook/HorizontalScrollbarThumb' and RenderEffect ''. (0x7fff845e0a60)
10/05/2014 11:11:23 (Std) 	Creating falagard mapping for type 'TaharezLook/LargeVerticalScrollbar' using base type 'CEGUI/Scrollbar', window renderer 'Falagard/Scrollbar' Look'N'Feel 'TaharezLook/LargeVerticalScrollbar' and RenderEffect ''. (0x7fff845e0a60)
10/05/2014 11:11:23 (Std) 	Creating falagard mapping for type 'TaharezLook/LargeVerticalScrollbarThumb' using base type 'CEGUI/Thumb', window renderer 'Falagard/Button' Look'N'Feel 'TaharezLook/LargeVerticalScrollbarThumb' and RenderEffect ''. (0x7fff845e0a60)
10/05/2014 11:11:23 (Std) 	Creating falagard mapping for type 'TaharezLook/TabButton' using base type 'CEGUI/TabButton', window renderer 'Falagard/TabButton' Look'N'Feel 'TaharezLook/TabButton' and RenderEffect ''. (0x7fff845e0a60)
10/05/2014 11:11:23 (Std) 	Creating falagard mapping for type 'TaharezLook/TabControl' using base type 'CEGUI/TabControl', window renderer 'Falagard/TabControl' Look'N'Feel 'TaharezLook/TabControl' and RenderEffect ''. (0x7fff845e0a60)
10/05/2014 11:11:23 (Std) 	Creating falagard mapping for type 'TaharezLook/TabContentPane' using base type 'DefaultWindow', window renderer 'Falagard/Default' Look'N'Feel 'TaharezLook/TabContentPane' and RenderEffect ''. (0x7fff845e0a60)
10/05/2014 11:11:23 (Std) 	Creating falagard mapping for type 'TaharezLook/TabButtonPane' using base type 'DefaultWindow', window renderer 'Falagard/Default' Look'N'Feel 'TaharezLook/TabButtonPane' and RenderEffect ''. (0x7fff845e0a60)
10/05/2014 11:11:23 (Std) 	Creating falagard mapping for type 'TaharezLook/ComboDropList' using base type 'CEGUI/ComboDropList', window renderer 'Falagard/Listbox' Look'N'Feel 'TaharezLook/ComboDropList' and RenderEffect ''. (0x7fff845e0a60)
10/05/2014 11:11:23 (Std) 	Creating falagard mapping for type 'TaharezLook/ComboEditbox' using base type 'CEGUI/Editbox', window renderer 'Falagard/Editbox' Look'N'Feel 'TaharezLook/ComboEditbox' and RenderEffect ''. (0x7fff845e0a60)
10/05/2014 11:11:23 (Std) 	Creating falagard mapping for type 'TaharezLook/Combobox' using base type 'CEGUI/Combobox', window renderer 'Falagard/Default' Look'N'Feel 'TaharezLook/Combobox' and RenderEffect ''. (0x7fff845e0a60)
10/05/2014 11:11:23 (Std) 	Creating falagard mapping for type 'TaharezLook/Listbox' using base type 'CEGUI/Listbox', window renderer 'Falagard/Listbox' Look'N'Feel 'TaharezLook/Listbox' and RenderEffect ''. (0x7fff845e0a60)
10/05/2014 11:11:23 (Std) 	Creating falagard mapping for type 'TaharezLook/ListHeader' using base type 'CEGUI/ListHeader', window renderer 'Falagard/ListHeader' Look'N'Feel 'TaharezLook/ListHeader' and RenderEffect ''. (0x7fff845e0a60)
10/05/2014 11:11:23 (Std) 	Creating falagard mapping for type 'TaharezLook/ListHeaderSegment' using base type 'CEGUI/ListHeaderSegment', window renderer 'Falagard/ListHeaderSegment' Look'N'Feel 'TaharezLook/ListHeaderSegment' and RenderEffect ''. (0x7fff845e0a60)
10/05/2014 11:11:23 (Std) 	Creating falagard mapping for type 'TaharezLook/MultiColumnList' using base type 'CEGUI/MultiColumnList', window renderer 'Falagard/MultiColumnList' Look'N'Feel 'TaharezLook/MultiColumnList' and RenderEffect ''. (0x7fff845e0a60)
10/05/2014 11:11:23 (Std) 	Creating falagard mapping for type 'TaharezLook/Slider' using base type 'CEGUI/Slider', window renderer 'Falagard/Slider' Look'N'Feel 'TaharezLook/Slider' and RenderEffect ''. (0x7fff845e0a60)
10/05/2014 11:11:23 (Std) 	Creating falagard mapping for type 'TaharezLook/SliderThumb' using base type 'CEGUI/Thumb', window renderer 'Falagard/Button' Look'N'Feel 'TaharezLook/SliderThumb' and RenderEffect ''. (0x7fff845e0a60)
10/05/2014 11:11:23 (Std) 	Creating falagard mapping for type 'TaharezLook/ScrollablePane' using base type 'CEGUI/ScrollablePane', window renderer 'Falagard/ScrollablePane' Look'N'Feel 'TaharezLook/ScrollablePane' and RenderEffect ''. (0x7fff845e0a60)
10/05/2014 11:11:23 (Std) 	Creating falagard mapping for type 'TaharezLook/Spinner' using base type 'CEGUI/Spinner', window renderer 'Falagard/Default' Look'N'Feel 'TaharezLook/Spinner' and RenderEffect ''. (0x7fff845e0a60)
10/05/2014 11:11:23 (Std) 	Creating falagard mapping for type 'TaharezLook/Tooltip' using base type 'CEGUI/Tooltip', window renderer 'Falagard/Tooltip' Look'N'Feel 'TaharezLook/Tooltip' and RenderEffect ''. (0x7fff845e0a60)
10/05/2014 11:11:23 (Std) 	Creating falagard mapping for type 'TaharezLook/StaticImage' using base type 'DefaultWindow', window renderer 'Falagard/StaticImage' Look'N'Feel 'TaharezLook/StaticImage' and RenderEffect ''. (0x7fff845e0a60)
10/05/2014 11:11:23 (Std) 	Creating falagard mapping for type 'TaharezLook/StaticText' using base type 'DefaultWindow', window renderer 'Falagard/StaticText' Look'N'Feel 'TaharezLook/StaticText' and RenderEffect ''. (0x7fff845e0a60)
10/05/2014 11:11:23 (Std) 	Creating falagard mapping for type 'TaharezLook/ItemListbox' using base type 'CEGUI/ItemListbox', window renderer 'Falagard/ItemListbox' Look'N'Feel 'TaharezLook/ItemListbox' and RenderEffect ''. (0x7fff845e0a60)
10/05/2014 11:11:23 (Std) 	Creating falagard mapping for type 'TaharezLook/ListboxItem' using base type 'CEGUI/ItemEntry', window renderer 'Falagard/ItemEntry' Look'N'Feel 'TaharezLook/ListboxItem' and RenderEffect ''. (0x7fff845e0a60)
10/05/2014 11:11:23 (Std) 	Creating falagard mapping for type 'TaharezLook/GroupBox' using base type 'CEGUI/GroupBox', window renderer 'Falagard/Default' Look'N'Feel 'TaharezLook/GroupBox' and RenderEffect ''. (0x7fff845e0a60)
10/05/2014 11:11:23 (Std) 	Creating falagard mapping for type 'TaharezLook/Tree' using base type 'CEGUI/Tree', window renderer 'Falagard/Tree' Look'N'Feel 'TaharezLook/Tree' and RenderEffect ''. (0x7fff845e0a60)
10/05/2014 11:11:23 (Std) 	Started creation of Scheme from XML specification:
10/05/2014 11:11:23 (Std) 	---- CEGUI GUIScheme name: WindowsLookSkin
10/05/2014 11:11:23 (Std) 	Started creation of Imageset from XML specification:
10/05/2014 11:11:23 (Std) 	---- CEGUI Imageset name: WindowsLook
10/05/2014 11:11:23 (Std) 	---- Source texture file: WindowsLook.tga in resource group: (Default)
10/05/2014 11:11:23 (Std) 	===== Falagard 'root' element: look and feel parsing begins =====
10/05/2014 11:11:23 (Std) 	===== Look and feel parsing completed =====
10/05/2014 11:11:23 (Std) 	No window renderer factories specified for module 'CEGUIFalagardWRBase' - adding all available factories...
10/05/2014 11:11:23 (Std) 	Creating falagard mapping for type 'WindowsLook/Button' using base type 'CEGUI/PushButton', window renderer 'Falagard/Button' Look'N'Feel 'WindowsLook/Button' and RenderEffect ''. (0x7fff845e0a60)
10/05/2014 11:11:23 (Std) 	Creating falagard mapping for type 'WindowsLook/Checkbox' using base type 'CEGUI/Checkbox', window renderer 'Falagard/ToggleButton' Look'N'Feel 'WindowsLook/Checkbox' and RenderEffect ''. (0x7fff845e0a60)
10/05/2014 11:11:23 (Std) 	Creating falagard mapping for type 'WindowsLook/IconButton' using base type 'CEGUI/PushButton', window renderer 'Falagard/Button' Look'N'Feel 'WindowsLook/IconButton' and RenderEffect ''. (0x7fff845e0a60)
10/05/2014 11:11:23 (Std) 	Creating falagard mapping for type 'WindowsLook/RadioButton' using base type 'CEGUI/RadioButton', window renderer 'Falagard/ToggleButton' Look'N'Feel 'WindowsLook/RadioButton' and RenderEffect ''. (0x7fff845e0a60)
10/05/2014 11:11:23 (Std) 	Creating falagard mapping for type 'WindowsLook/FrameWindow' using base type 'CEGUI/FrameWindow', window renderer 'Falagard/FrameWindow' Look'N'Feel 'WindowsLook/FrameWindow' and RenderEffect ''. (0x7fff845e0a60)
10/05/2014 11:11:23 (Std) 	Creating falagard mapping for type 'WindowsLook/Titlebar' using base type 'CEGUI/Titlebar', window renderer 'Falagard/Titlebar' Look'N'Feel 'WindowsLook/Titlebar' and RenderEffect ''. (0x7fff845e0a60)
10/05/2014 11:11:23 (Std) 	Creating falagard mapping for type 'WindowsLook/SystemButton' using base type 'CEGUI/PushButton', window renderer 'Falagard/Button' Look'N'Feel 'WindowsLook/SystemButton' and RenderEffect ''. (0x7fff845e0a60)
10/05/2014 11:11:23 (Std) 	Creating falagard mapping for type 'WindowsLook/Editbox' using base type 'CEGUI/Editbox', window renderer 'Falagard/Editbox' Look'N'Feel 'WindowsLook/Editbox' and RenderEffect ''. (0x7fff845e0a60)
10/05/2014 11:11:23 (Std) 	Creating falagard mapping for type 'WindowsLook/MultiLineEditbox' using base type 'CEGUI/MultiLineEditbox', window renderer 'Falagard/MultiLineEditbox' Look'N'Feel 'WindowsLook/MultiLineEditbox' and RenderEffect ''. (0x7fff845e0a60)
10/05/2014 11:11:23 (Std) 	Creating falagard mapping for type 'WindowsLook/Menubar' using base type 'CEGUI/Menubar', window renderer 'Falagard/Menubar' Look'N'Feel 'WindowsLook/Menubar' and RenderEffect ''. (0x7fff845e0a60)
10/05/2014 11:11:23 (Std) 	Creating falagard mapping for type 'WindowsLook/PopupMenu' using base type 'CEGUI/PopupMenu', window renderer 'Falagard/PopupMenu' Look'N'Feel 'WindowsLook/PopupMenu' and RenderEffect ''. (0x7fff845e0a60)
10/05/2014 11:11:23 (Std) 	Creating falagard mapping for type 'WindowsLook/MenuItem' using base type 'CEGUI/MenuItem', window renderer 'Falagard/MenuItem' Look'N'Feel 'WindowsLook/MenuItem' and RenderEffect ''. (0x7fff845e0a60)
10/05/2014 11:11:23 (Std) 	Creating falagard mapping for type 'WindowsLook/ProgressBar' using base type 'CEGUI/ProgressBar', window renderer 'Falagard/ProgressBar' Look'N'Feel 'WindowsLook/ProgressBar' and RenderEffect ''. (0x7fff845e0a60)
10/05/2014 11:11:23 (Std) 	Creating falagard mapping for type 'WindowsLook/VerticalScrollbar' using base type 'CEGUI/Scrollbar', window renderer 'Falagard/Scrollbar' Look'N'Feel 'WindowsLook/VerticalScrollbar' and RenderEffect ''. (0x7fff845e0a60)
10/05/2014 11:11:23 (Std) 	Creating falagard mapping for type 'WindowsLook/HorizontalScrollbar' using base type 'CEGUI/Scrollbar', window renderer 'Falagard/Scrollbar' Look'N'Feel 'WindowsLook/HorizontalScrollbar' and RenderEffect ''. (0x7fff845e0a60)
10/05/2014 11:11:23 (Std) 	Creating falagard mapping for type 'WindowsLook/VerticalScrollbarThumb' using base type 'CEGUI/Thumb', window renderer 'Falagard/Button' Look'N'Feel 'WindowsLook/VerticalScrollbarThumb' and RenderEffect ''. (0x7fff845e0a60)
10/05/2014 11:11:23 (Std) 	Creating falagard mapping for type 'WindowsLook/HorizontalScrollbarThumb' using base type 'CEGUI/Thumb', window renderer 'Falagard/Button' Look'N'Feel 'WindowsLook/HorizontalScrollbarThumb' and RenderEffect ''. (0x7fff845e0a60)
10/05/2014 11:11:23 (Std) 	Creating falagard mapping for type 'WindowsLook/TabButton' using base type 'CEGUI/TabButton', window renderer 'Falagard/TabButton' Look'N'Feel 'WindowsLook/TabButton' and RenderEffect ''. (0x7fff845e0a60)
10/05/2014 11:11:23 (Std) 	Creating falagard mapping for type 'WindowsLook/TabControl' using base type 'CEGUI/TabControl', window renderer 'Falagard/TabControl' Look'N'Feel 'WindowsLook/TabControl' and RenderEffect ''. (0x7fff845e0a60)
10/05/2014 11:11:23 (Std) 	Creating falagard mapping for type 'WindowsLook/TabContentPane' using base type 'DefaultWindow', window renderer 'Falagard/Default' Look'N'Feel 'WindowsLook/TabContentPane' and RenderEffect ''. (0x7fff845e0a60)
10/05/2014 11:11:23 (Std) 	Creating falagard mapping for type 'WindowsLook/TabButtonPane' using base type 'DefaultWindow', window renderer 'Falagard/Default' Look'N'Feel 'WindowsLook/TabButtonPane' and RenderEffect ''. (0x7fff845e0a60)
10/05/2014 11:11:23 (Std) 	Creating falagard mapping for type 'WindowsLook/ComboDropList' using base type 'CEGUI/ComboDropList', window renderer 'Falagard/Listbox' Look'N'Feel 'WindowsLook/ComboDropList' and RenderEffect ''. (0x7fff845e0a60)
10/05/2014 11:11:23 (Std) 	Creating falagard mapping for type 'WindowsLook/Combobox' using base type 'CEGUI/Combobox', window renderer 'Falagard/Default' Look'N'Feel 'WindowsLook/Combobox' and RenderEffect ''. (0x7fff845e0a60)
10/05/2014 11:11:23 (Std) 	Creating falagard mapping for type 'WindowsLook/Listbox' using base type 'CEGUI/Listbox', window renderer 'Falagard/Listbox' Look'N'Feel 'WindowsLook/Listbox' and RenderEffect ''. (0x7fff845e0a60)
10/05/2014 11:11:23 (Std) 	Creating falagard mapping for type 'WindowsLook/ListHeader' using base type 'CEGUI/ListHeader', window renderer 'Falagard/ListHeader' Look'N'Feel 'WindowsLook/ListHeader' and RenderEffect ''. (0x7fff845e0a60)
10/05/2014 11:11:23 (Std) 	Creating falagard mapping for type 'WindowsLook/ListHeaderSegment' using base type 'CEGUI/ListHeaderSegment', window renderer 'Falagard/ListHeaderSegment' Look'N'Feel 'WindowsLook/ListHeaderSegment' and RenderEffect ''. (0x7fff845e0a60)
10/05/2014 11:11:23 (Std) 	Creating falagard mapping for type 'WindowsLook/MultiColumnList' using base type 'CEGUI/MultiColumnList', window renderer 'Falagard/MultiColumnList' Look'N'Feel 'WindowsLook/MultiColumnList' and RenderEffect ''. (0x7fff845e0a60)
10/05/2014 11:11:23 (Std) 	Creating falagard mapping for type 'WindowsLook/Slider' using base type 'CEGUI/Slider', window renderer 'Falagard/Slider' Look'N'Feel 'WindowsLook/Slider' and RenderEffect ''. (0x7fff845e0a60)
10/05/2014 11:11:23 (Std) 	Creating falagard mapping for type 'WindowsLook/SliderThumb' using base type 'CEGUI/Thumb', window renderer 'Falagard/Button' Look'N'Feel 'WindowsLook/SliderThumb' and RenderEffect ''. (0x7fff845e0a60)
10/05/2014 11:11:23 (Std) 	Creating falagard mapping for type 'WindowsLook/ScrollablePane' using base type 'CEGUI/ScrollablePane', window renderer 'Falagard/ScrollablePane' Look'N'Feel 'WindowsLook/ScrollablePane' and RenderEffect ''. (0x7fff845e0a60)
10/05/2014 11:11:23 (Std) 	Creating falagard mapping for type 'WindowsLook/Spinner' using base type 'CEGUI/Spinner', window renderer 'Falagard/Default' Look'N'Feel 'WindowsLook/Spinner' and RenderEffect ''. (0x7fff845e0a60)
10/05/2014 11:11:23 (Std) 	Creating falagard mapping for type 'WindowsLook/Tooltip' using base type 'CEGUI/Tooltip', window renderer 'Falagard/Tooltip' Look'N'Feel 'WindowsLook/Tooltip' and RenderEffect ''. (0x7fff845e0a60)
10/05/2014 11:11:23 (Std) 	Creating falagard mapping for type 'WindowsLook/Static' using base type 'DefaultWindow', window renderer 'Falagard/Static' Look'N'Feel 'WindowsLook/Static' and RenderEffect ''. (0x7fff845e0a60)
10/05/2014 11:11:23 (Std) 	Creating falagard mapping for type 'WindowsLook/StaticImage' using base type 'DefaultWindow', window renderer 'Falagard/StaticImage' Look'N'Feel 'WindowsLook/StaticImage' and RenderEffect ''. (0x7fff845e0a60)
10/05/2014 11:11:23 (Std) 	Creating falagard mapping for type 'WindowsLook/StaticText' using base type 'DefaultWindow', window renderer 'Falagard/StaticText' Look'N'Feel 'WindowsLook/StaticText' and RenderEffect ''. (0x7fff845e0a60)
10/05/2014 11:11:23 (Std) 	Creating falagard mapping for type 'WindowsLook/ItemListbox' using base type 'CEGUI/ItemListbox', window renderer 'Falagard/ItemListbox' Look'N'Feel 'WindowsLook/ItemListbox' and RenderEffect ''. (0x7fff845e0a60)
10/05/2014 11:11:23 (Std) 	Creating falagard mapping for type 'WindowsLook/ListboxItem' using base type 'CEGUI/ItemEntry', window renderer 'Falagard/ItemEntry' Look'N'Feel 'WindowsLook/ListboxItem' and RenderEffect ''. (0x7fff845e0a60)
10/05/2014 11:11:23 (Std) 	Creating falagard mapping for type 'WindowsLook/GroupBox' using base type 'CEGUI/GroupBox', window renderer 'Falagard/Default' Look'N'Feel 'WindowsLook/GroupBox' and RenderEffect ''. (0x7fff845e0a60)
10/05/2014 11:11:23 (Std) 	Started creation of Scheme from XML specification:
10/05/2014 11:11:23 (Std) 	---- CEGUI GUIScheme name: VanillaSkin
10/05/2014 11:11:23 (Std) 	Started creation of Imageset from XML specification:
10/05/2014 11:11:23 (Std) 	---- CEGUI Imageset name: Vanilla-Images
10/05/2014 11:11:23 (Std) 	---- Source texture file: vanilla.tga in resource group: (Default)
10/05/2014 11:11:23 (Std) 	===== Falagard 'root' element: look and feel parsing begins =====
10/05/2014 11:11:23 (Std) 	===== Look and feel parsing completed =====
10/05/2014 11:11:23 (Std) 	No window renderer factories specified for module 'CEGUIFalagardWRBase' - adding all available factories...
10/05/2014 11:11:23 (Std) 	Creating falagard mapping for type 'Vanilla/Titlebar' using base type 'CEGUI/Titlebar', window renderer 'Falagard/Titlebar' Look'N'Feel 'Vanilla/Titlebar' and RenderEffect ''. (0x7fff845e0a60)
10/05/2014 11:11:23 (Std) 	Creating falagard mapping for type 'Vanilla/Button' using base type 'CEGUI/PushButton', window renderer 'Falagard/Button' Look'N'Feel 'Vanilla/Button' and RenderEffect ''. (0x7fff845e0a60)
10/05/2014 11:11:23 (Std) 	Creating falagard mapping for type 'Vanilla/FrameWindow' using base type 'CEGUI/FrameWindow', window renderer 'Falagard/FrameWindow' Look'N'Feel 'Vanilla/FrameWindow' and RenderEffect ''. (0x7fff845e0a60)
10/05/2014 11:11:23 (Std) 	Creating falagard mapping for type 'Vanilla/Editbox' using base type 'CEGUI/Editbox', window renderer 'Falagard/Editbox' Look'N'Feel 'Vanilla/Editbox' and RenderEffect ''. (0x7fff845e0a60)
10/05/2014 11:11:23 (Std) 	Creating falagard mapping for type 'Vanilla/VerticalScrollbarThumb' using base type 'CEGUI/Thumb', window renderer 'Falagard/Button' Look'N'Feel 'Vanilla/VerticalScrollbarThumb' and RenderEffect ''. (0x7fff845e0a60)
10/05/2014 11:11:23 (Std) 	Creating falagard mapping for type 'Vanilla/VerticalScrollbar' using base type 'CEGUI/Scrollbar', window renderer 'Falagard/Scrollbar' Look'N'Feel 'Vanilla/VerticalScrollbar' and RenderEffect ''. (0x7fff845e0a60)
10/05/2014 11:11:23 (Std) 	Creating falagard mapping for type 'Vanilla/HorizontalScrollbarThumb' using base type 'CEGUI/Thumb', window renderer 'Falagard/Button' Look'N'Feel 'Vanilla/HorizontalScrollbarThumb' and RenderEffect ''. (0x7fff845e0a60)
10/05/2014 11:11:23 (Std) 	Creating falagard mapping for type 'Vanilla/HorizontalScrollbar' using base type 'CEGUI/Scrollbar', window renderer 'Falagard/Scrollbar' Look'N'Feel 'Vanilla/HorizontalScrollbar' and RenderEffect ''. (0x7fff845e0a60)
10/05/2014 11:11:23 (Std) 	Creating falagard mapping for type 'Vanilla/StaticImage' using base type 'DefaultWindow', window renderer 'Falagard/StaticImage' Look'N'Feel 'Vanilla/StaticImage' and RenderEffect ''. (0x7fff845e0a60)
10/05/2014 11:11:23 (Std) 	Creating falagard mapping for type 'Vanilla/StaticText' using base type 'DefaultWindow', window renderer 'Falagard/StaticText' Look'N'Feel 'Vanilla/StaticText' and RenderEffect ''. (0x7fff845e0a60)
10/05/2014 11:11:23 (Std) 	Creating falagard mapping for type 'Vanilla/Listbox' using base type 'CEGUI/Listbox', window renderer 'Falagard/Listbox' Look'N'Feel 'Vanilla/Listbox' and RenderEffect ''. (0x7fff845e0a60)
10/05/2014 11:11:23 (Std) 	Creating falagard mapping for type 'Vanilla/MultiLineEditbox' using base type 'CEGUI/MultiLineEditbox', window renderer 'Falagard/MultiLineEditbox' Look'N'Feel 'Vanilla/MultiLineEditbox' and RenderEffect ''. (0x7fff845e0a60)
10/05/2014 11:11:23 (Std) 	Creating falagard mapping for type 'Vanilla/ComboDropList' using base type 'CEGUI/ComboDropList', window renderer 'Falagard/Listbox' Look'N'Feel 'Vanilla/ComboDropList' and RenderEffect ''. (0x7fff845e0a60)
10/05/2014 11:11:23 (Std) 	Creating falagard mapping for type 'Vanilla/Combobox' using base type 'CEGUI/Combobox', window renderer 'Falagard/Default' Look'N'Feel 'Vanilla/Combobox' and RenderEffect ''. (0x7fff845e0a60)
10/05/2014 11:11:23 (Std) 	Creating falagard mapping for type 'Vanilla/ProgressBar' using base type 'CEGUI/ProgressBar', window renderer 'Falagard/ProgressBar' Look'N'Feel 'Vanilla/ProgressBar' and RenderEffect ''. (0x7fff845e0a60)
10/05/2014 11:11:23 (Std) 	Creating falagard mapping for type 'Vanilla/Checkbox' using base type 'CEGUI/Checkbox', window renderer 'Falagard/ToggleButton' Look'N'Feel 'Vanilla/Checkbox' and RenderEffect ''. (0x7fff845e0a60)
10/05/2014 11:11:23 (Std) 	Creating falagard mapping for type 'Vanilla/RadioButton' using base type 'CEGUI/RadioButton', window renderer 'Falagard/ToggleButton' Look'N'Feel 'Vanilla/RadioButton' and RenderEffect ''. (0x7fff845e0a60)
10/05/2014 11:11:23 (Std) 	Started creation of Scheme from XML specification:
10/05/2014 11:11:23 (Std) 	---- CEGUI GUIScheme name: OgreBall
10/05/2014 11:11:23 (Std) 	Started creation of Imageset from XML specification:
10/05/2014 11:11:23 (Std) 	---- CEGUI Imageset name: OgreBall
10/05/2014 11:11:23 (Std) 	---- Source texture file: ogreball-logo.png in resource group: (Default)
10/05/2014 11:11:23 (Std) 	Started creation of Imageset from XML specification:
10/05/2014 11:11:23 (Std) 	---- CEGUI Imageset name: OgreBall/Buttons
10/05/2014 11:11:23 (Std) 	---- Source texture file: MenuButtons.png in resource group: (Default)
10/05/2014 11:11:23 (Std) 	Started creation of Imageset from XML specification:
10/05/2014 11:11:23 (Std) 	---- CEGUI Imageset name: MenuBackground
10/05/2014 11:11:23 (Std) 	---- Source texture file: bg.jpg in resource group: General
10/05/2014 11:11:23 (Std) 	Started creation of Font from XML specification:
10/05/2014 11:11:23 (Std) 	---- CEGUI font name: Helvetica
10/05/2014 11:11:23 (Std) 	----       Font type: FreeType
10/05/2014 11:11:23 (Std) 	----     Source file: HelveticaInseratLTStd-Roman.otf in resource group: (Default)
10/05/2014 11:11:23 (Std) 	---- Real point size: 16
10/05/2014 11:11:23 (Std) 	Started creation of Font from XML specification:
10/05/2014 11:11:23 (Std) 	---- CEGUI font name: Helvetica-12
10/05/2014 11:11:23 (Std) 	----       Font type: FreeType
10/05/2014 11:11:23 (Std) 	----     Source file: HelveticaInseratLTStd-Roman.otf in resource group: (Default)
10/05/2014 11:11:23 (Std) 	---- Real point size: 12
10/05/2014 11:11:23 (Std) 	Started creation of Font from XML specification:
10/05/2014 11:11:23 (Std) 	---- CEGUI font name: Helvetica32
10/05/2014 11:11:23 (Std) 	----       Font type: FreeType
10/05/2014 11:11:23 (Std) 	----     Source file: HelveticaInseratLTStd-Roman.otf in resource group: (Default)
10/05/2014 11:11:23 (Std) 	---- Real point size: 32
10/05/2014 11:11:23 (Std) 	===== Falagard 'root' element: look and feel parsing begins =====
10/05/2014 11:11:23 (Std) 	Defining animation named: OgreBall/TextButton/StartButtonSwing  Duration: 0.8  Replay mode: loop  Auto start: false
10/05/2014 11:11:23 (Std) 		Adding affector for property: YRotation  Interpolator: float  Application method: absolute
10/05/2014 11:11:23 (Std) 			Adding KeyFrame at position: 0  Value: 0
10/05/2014 11:11:23 (Std) 			Adding KeyFrame at position: 0.2  Value: 6
10/05/2014 11:11:23 (Std) 			Adding KeyFrame at position: 0.6  Value: -6
10/05/2014 11:11:23 (Std) 			Adding KeyFrame at position: 0.8  Value: 0
10/05/2014 11:11:23 (Std) 		Adding subscription to event: MouseEntersArea  Action: Start
10/05/2014 11:11:23 (Std) 		Adding subscription to event: MouseLeavesArea  Action: Stop
10/05/2014 11:11:23 (Std) 	Defining animation named: OgreBall/SelectorImage/unHighlight  Duration: 0.001  Replay mode: once  Auto start: false
10/05/2014 11:11:23 (Std) 		Adding affector for property: ImageColours  Interpolator: ColourRect  Application method: absolute
10/05/2014 11:11:23 (Std) 			Adding KeyFrame at position: 0.0  Value: tl:FFFFFFFF tr:FFFFFFFF bl:FFFFFFFF br:FFFFFFFF
10/05/2014 11:11:23 (Std) 			Adding KeyFrame at position: 0.001  Value: tl:FFFFFFFF tr:FFFFFFFF bl:FFFFFFFF br:FFFFFFFF
10/05/2014 11:11:23 (Std) 		Adding affector for property: TextColour  Interpolator: colour  Application method: absolute
10/05/2014 11:11:23 (Std) 			Adding KeyFrame at position: 0.0  Value: 00000000
10/05/2014 11:11:23 (Std) 			Adding KeyFrame at position: 0.001  Value: 00000000
10/05/2014 11:11:23 (Std) 		Adding affector for property: ShadowTextColour  Interpolator: colour  Application method: absolute
10/05/2014 11:11:23 (Std) 			Adding KeyFrame at position: 0.0  Value: 00000000
10/05/2014 11:11:23 (Std) 			Adding KeyFrame at position: 0.001  Value: 00000000
10/05/2014 11:11:23 (Std) 		Adding subscription to event: MouseLeavesArea  Action: Start
10/05/2014 11:11:23 (Std) 	Defining animation named: OgreBall/SelectorImage/Highlight  Duration: 0.001  Replay mode: once  Auto start: false
10/05/2014 11:11:23 (Std) 		Adding affector for property: ImageColours  Interpolator: ColourRect  Application method: absolute
10/05/2014 11:11:23 (Std) 			Adding KeyFrame at position: 0.0  Value: tl:FFDB6837 tr:FFDB6837 bl:FFDB6837 br:FFDB6837
10/05/2014 11:11:23 (Std) 			Adding KeyFrame at position: 0.001  Value: tl:FFDB6837 tr:FFDB6837 bl:FFDB6837 br:FFDB6837
10/05/2014 11:11:23 (Std) 		Adding affector for property: TextColour  Interpolator: colour  Application method: absolute
10/05/2014 11:11:23 (Std) 			Adding KeyFrame at position: 0.0  Value: FFFFFFFF
10/05/2014 11:11:23 (Std) 			Adding KeyFrame at position: 0.001  Value: FFFFFFFF
10/05/2014 11:11:23 (Std) 		Adding affector for property: ShadowTextColour  Interpolator: colour  Application method: absolute
10/05/2014 11:11:23 (Std) 			Adding KeyFrame at position: 0.0  Value: FF000000
10/05/2014 11:11:23 (Std) 			Adding KeyFrame at position: 0.001  Value: FF000000
10/05/2014 11:11:23 (Std) 		Adding subscription to event: MouseEntersArea  Action: Start
10/05/2014 11:11:23 (Std) 	===== Look and feel parsing completed =====
10/05/2014 11:11:23 (Std) 	No window renderer factories specified for module 'CEGUIFalagardWRBase' - adding all available factories...
10/05/2014 11:11:23 (Std) 	Creating falagard mapping for type 'OgreBall/TextButton' using base type 'CEGUI/PushButton', window renderer 'Falagard/Button' Look'N'Feel 'OgreBall/TextButton' and RenderEffect ''. (0x7fff845e0a60)
10/05/2014 11:11:23 (Std) 	Creating falagard mapping for type 'OgreBall/SelectorImage' using base type 'DefaultWindow', window renderer 'Falagard/StaticImage' Look'N'Feel 'OgreBall/SelectorImage' and RenderEffect ''. (0x7fff845e0a60)
10/05/2014 11:11:23 (Std) 	Creating falagard mapping for type 'OgreBall/StaticText' using base type 'DefaultWindow', window renderer 'Falagard/StaticText' Look'N'Feel 'OgreBall/StaticText' and RenderEffect ''. (0x7fff845e0a60)
10/05/2014 11:11:23 (Std) 	---- Successfully completed loading of GUI layout from 'Menu.layout' ----
10/05/2014 11:11:23 (Std) 	---- Successfully completed loading of GUI layout from 'HostsMenu.layout' ----
10/05/2014 11:11:23 (Std) 	---- Successfully completed loading of GUI layout from 'MultiSubMenu.layout' ----
10/05/2014 11:11:23 (Std) 	---- Successfully completed loading of GUI layout from 'ServerList.layout' ----
10/05/2014 11:11:23 (Std) 	---- Successfully completed loading of GUI layout from 'GameLobby.layout' ----
10/05/2014 11:11:23 (Std) 	---- Successfully completed loading of GUI layout from 'PauseMenu.layout' ----
10/05/2014 11:11:23 (Std) 	Attempting to create Imageset 'DejaVuSans-10_auto_glyph_images_ ' with texture only.
10/05/2014 11:11:23 (Error)	CEGUI::UnknownObjectException in file CEGUIPropertySet.cpp(124) : There is no Property named 'HorzFormatting' available in the set.
10/05/2014 11:11:23 (Error)	CEGUI::UnknownObjectException in file CEGUIPropertySet.cpp(124) : There is no Property named 'VertFormatting' available in the set.
10/05/2014 11:11:23 (Std) 	---- Successfully completed loading of GUI layout from 'GameWon.layout' ----
10/05/2014 11:11:23 (Std) 	Attempting to create Imageset 'Helvetica_auto_glyph_images_ ' with texture only.
10/05/2014 11:11:23 (Std) 	---- Successfully completed loading of GUI layout from 'SinglePlayerHUD.layout' ----
10/05/2014 11:11:23 (Std) 	---- Successfully completed loading of GUI layout from 'GameOver.layout' ----
10/05/2014 11:11:23 (Std) 	---- Successfully completed loading of GUI layout from 'Leaderboard.layout' ----
10/05/2014 11:11:23 (Std) 	---- Successfully completed loading of GUI layout from 'LevelSelector.layout' ----
10/05/2014 11:11:23 (Std) 	---- Successfully completed loading of GUI layout from 'PlayerSelector.layout' ----
10/05/2014 11:11:23 (Error)	CEGUI::UnknownObjectException in file CEGUIPropertySet.cpp(124) : There is no Property named 'RollUpEnabled' available in the set.
10/05/2014 11:11:23 (Error)	CEGUI::UnknownObjectException in file CEGUIPropertySet.cpp(124) : There is no Property named 'SizingEnabled' available in the set.
10/05/2014 11:11:23 (Error)	CEGUI::UnknownObjectException in file CEGUIPropertySet.cpp(124) : There is no Property named 'DragMovingEnabled' available in the set.
10/05/2014 11:11:23 (Std) 	Attempting to create Imageset 'Helvetica-12_auto_glyph_images_ ' with texture only.
10/05/2014 11:11:23 (Std) 	---- Successfully completed loading of GUI layout from 'Chatbox.layout' ----
10/05/2014 11:11:23 (Error)	CEGUI::UnknownObjectException in file CEGUIPropertySet.cpp(124) : There is no Property named 'HorzFormatting' available in the set.
10/05/2014 11:11:23 (Error)	CEGUI::UnknownObjectException in file CEGUIPropertySet.cpp(124) : There is no Property named 'VertFormatting' available in the set.
10/05/2014 11:11:23 (Error)	CEGUI::UnknownObjectException in file CEGUIPropertySet.cpp(124) : There is no Property named 'HorzFormatting' available in the set.
10/05/2014 11:11:23 (Error)	CEGUI::UnknownObjectException in file CEGUIPropertySet.cpp(124) : There is no Property named 'VertFormatting' available in the set.
10/05/2014 11:11:23 (Std) 	---- Successfully completed loading of GUI layout from 'Prompt.layout' ----
10/05/2014 11:11:23 (Std) 	---- Successfully completed loading of GUI layout from 'MultiGameEnd.layout' ----
10/05/2014 11:11:23 (Error)	CEGUI::UnknownObjectException in file CEGUIPropertySet.cpp(124) : There is no Property named 'HorzFormatting' available in the set.
10/05/2014 11:11:23 (Error)	CEGUI::UnknownObjectException in file CEGUIPropertySet.cpp(124) : There is no Property named 'VertFormatting' available in the set.
10/05/2014 11:11:23 (Error)	CEGUI::UnknownObjectException in file CEGUIPropertySet.cpp(124) : There is no Property named 'HorzFormatting' available in the set.
10/05/2014 11:11:23 (Error)	CEGUI::UnknownObjectException in file CEGUIPropertySet.cpp(124) : There is no Property named 'VertFormatting' available in the set.
10/05/2014 11:11:23 (Std) 	---- Successfully completed loading of GUI layout from 'HostPrompt.layout' ----
10/05/2014 11:11:23 (Std) 	---- Successfully completed loading of GUI layout from 'OptionMenu.layout' ----
10/05/2014 11:11:23 (Std) 	===== Begin Animations parsing =====
10/05/2014 11:11:23 (Std) 	Defining animation named: SpinPopup  Duration: 0.5  Replay mode: once  Auto start: false
10/05/2014 11:11:23 (Std) 		Adding affector for property: Alpha  Interpolator: float  Application method: absolute
10/05/2014 11:11:23 (Std) 			Adding KeyFrame at position: 0.0  Value: 0.0
10/05/2014 11:11:23 (Std) 			Adding KeyFrame at position: 0.5  Value: 1.0
10/05/2014 11:11:23 (Std) 		Adding affector for property: YRotation  Interpolator: float  Application method: relative
10/05/2014 11:11:23 (Std) 			Adding KeyFrame at position: 0.0  Value: 0
10/05/2014 11:11:23 (Std) 			Adding KeyFrame at position: 0.25  Value: 180
10/05/2014 11:11:23 (Std) 			Adding KeyFrame at position: 0.5  Value: 360
10/05/2014 11:11:23 (Std) 	Defining animation named: SpinPopin  Duration: 1.0  Replay mode: once  Auto start: false
10/05/2014 11:11:23 (Std) 		Adding affector for property: Alpha  Interpolator: float  Application method: absolute
10/05/2014 11:11:23 (Std) 			Adding KeyFrame at position: 0.0  Value: 0.0
10/05/2014 11:11:23 (Std) 			Adding KeyFrame at position: 0.5  Value: 1.0
10/05/2014 11:11:23 (Std) 			Adding KeyFrame at position: 1.0  Value: 0.0
10/05/2014 11:11:23 (Std) 		Adding affector for property: YRotation  Interpolator: float  Application method: relative
10/05/2014 11:11:23 (Std) 			Adding KeyFrame at position: 0.0  Value: 0
10/05/2014 11:11:23 (Std) 			Adding KeyFrame at position: 0.25  Value: 320
10/05/2014 11:11:23 (Std) 			Adding KeyFrame at position: 0.5  Value: 360
10/05/2014 11:11:23 (Std) 			Adding KeyFrame at position: 0.75  Value: 400
10/05/2014 11:11:23 (Std) 			Adding KeyFrame at position: 1.0  Value: 720
10/05/2014 11:11:23 (Std) 	Defining animation named: Popin  Duration: 1.1  Replay mode: once  Auto start: false
10/05/2014 11:11:23 (Std) 		Adding affector for property: Alpha  Interpolator: float  Application method: absolute
10/05/2014 11:11:23 (Std) 			Adding KeyFrame at position: 0.0  Value: 0.0
10/05/2014 11:11:23 (Std) 			Adding KeyFrame at position: 0.2  Value: 1.0
10/05/2014 11:11:23 (Std) 			Adding KeyFrame at position: 0.8  Value: 1.0
10/05/2014 11:11:23 (Std) 			Adding KeyFrame at position: 1.0  Value: 0.0
10/05/2014 11:11:23 (Std) 		Adding affector for property: UnifiedXPosition  Interpolator: UDim  Application method: relative
10/05/2014 11:11:23 (Std) 			Adding KeyFrame at position: 0.0  Value: {-0.03,0}
10/05/2014 11:11:23 (Std) 			Adding KeyFrame at position: 0.5  Value: {0.03,0}  Progression: quadratic decelerating
10/05/2014 11:11:23 (Std) 			Adding KeyFrame at position: 1.0  Value: {-0.03,0}  Progression: quadratic accelerating
10/05/2014 11:11:23 (Std) 			Adding KeyFrame at position: 1.1  Value: {0,0}
10/05/2014 11:11:23 (Std) 	Defining animation named: StartButtonPulsating  Duration: 1.4  Replay mode: loop  Auto start: false
10/05/2014 11:11:23 (Std) 		Adding affector for property: Alpha  Interpolator: float  Application method: absolute
10/05/2014 11:11:23 (Std) 			Adding KeyFrame at position: 0  Value: 1.0  Progression: linear
10/05/2014 11:11:23 (Std) 	WARNING: progression type specified for first keyframe in animation will be ignored.
10/05/2014 11:11:23 (Std) 			Adding KeyFrame at position: 0.7  Value: 0.6  Progression: quadratic decelerating
10/05/2014 11:11:23 (Std) 			Adding KeyFrame at position: 1.4  Value: 1.0  Progression: quadratic accelerating
10/05/2014 11:11:23 (Std) 		Adding subscription to event: MouseEntersArea  Action: Start
10/05/2014 11:11:23 (Std) 		Adding subscription to event: MouseLeavesArea  Action: Stop
10/05/2014 11:11:23 (Std) 	Defining animation named: FadeInFromLeft  Duration: 0.4  Replay mode: once  Auto start: false
10/05/2014 11:11:23 (Std) 		Adding affector for property: UnifiedXPosition  Interpolator: UDim  Application method: relative
10/05/2014 11:11:23 (Std) 			Adding KeyFrame at position: 0.0  Value: {-0.1,0}
10/05/2014 11:11:23 (Std) 			Adding KeyFrame at position: 0.4  Value: {0,0}
10/05/2014 11:11:23 (Std) 		Adding affector for property: Alpha  Interpolator: float  Application method: absolute
10/05/2014 11:11:23 (Std) 			Adding KeyFrame at position: 0.0  Value: 0.0
10/05/2014 11:11:23 (Std) 			Adding KeyFrame at position: 0.4  Value: 1.0
10/05/2014 11:11:23 (Std) 	Defining animation named: Hide  Duration: 0.5  Replay mode: once  Auto start: false
10/05/2014 11:11:23 (Std) 		Adding affector for property: Alpha  Interpolator: float  Application method: absolute
10/05/2014 11:11:23 (Std) 			Adding KeyFrame at position: 0.0  Value: 0.0
10/05/2014 11:11:23 (Std) 			Adding KeyFrame at position: 0.5  Value: 0.0
10/05/2014 11:11:23 (Std) 	===== End Animations parsing =====
10/05/2014 11:11:24 (Std) 	Window::setRotation - Activating AutoRenderingSurface on Window 'Menu/SinglePlayer' to enable rotation support.
10/05/2014 11:11:24 (Std) 	Window::setRotation - Activating AutoRenderingSurface on Window 'Menu/MultiPlayer' to enable rotation support.
10/05/2014 11:11:24 (Std) 	Window::setRotation - Activating AutoRenderingSurface on Window 'Menu/QuitGame' to enable rotation support.
