This file contains any messages produced by compilers while
running configure, to aid debugging if configure makes a mistake.

It was created by configure, which was
generated by GNU Autoconf 2.69.  Invocation command line was

  $ ./configure PKG_CONFIG_PATH=:/opt/OGRE-1.8/lib/pkgconfig --no-create --no-recursion

## --------- ##
## Platform. ##
## --------- ##

hostname = kyeh-yoga
uname -m = x86_64
uname -r = 3.13.0-24-generic
uname -s = Linux
uname -v = #46-Ubuntu SMP Thu Apr 10 19:11:08 UTC 2014

/usr/bin/uname -p = unknown
/bin/uname -X     = unknown

/bin/arch              = unknown
/usr/bin/arch -k       = unknown
/usr/convex/getsysinfo = unknown
/usr/bin/hostinfo      = unknown
/bin/machine           = unknown
/usr/bin/oslevel       = unknown
/bin/universe          = unknown

PATH: /usr/local/sbin
PATH: /usr/local/bin
PATH: /usr/sbin
PATH: /usr/bin
PATH: /sbin
PATH: /bin
PATH: /usr/games
PATH: /usr/local/games
PATH: /home/kyeh/bin
PATH: /home/kyeh/.rvm/bin
PATH: /home/kyeh/bin/gibo
PATH: /home/kyeh/UserProgs/android-studio/bin
PATH: /UserProgs/genymotion


## ----------- ##
## Core tests. ##
## ----------- ##

configure:2340: checking for a BSD-compatible install
configure:2408: result: /usr/bin/install -c
configure:2419: checking whether build environment is sane
configure:2474: result: yes
configure:2625: checking for a thread-safe mkdir -p
configure:2664: result: /bin/mkdir -p
configure:2671: checking for gawk
configure:2701: result: no
configure:2671: checking for mawk
configure:2687: found /usr/bin/mawk
configure:2698: result: mawk
configure:2709: checking whether make sets $(MAKE)
configure:2731: result: yes
configure:2760: checking whether make supports nested variables
configure:2777: result: yes
configure:2971: checking for g++
configure:2987: found /usr/bin/g++
configure:2998: result: g++
configure:3025: checking for C++ compiler version
configure:3034: g++ --version >&5
g++ (Ubuntu 4.8.2-19ubuntu1) 4.8.2
Copyright (C) 2013 Free Software Foundation, Inc.
This is free software; see the source for copying conditions.  There is NO
warranty; not even for MERCHANTABILITY or FITNESS FOR A PARTICULAR PURPOSE.

configure:3045: $? = 0
configure:3034: g++ -v >&5
Using built-in specs.
COLLECT_GCC=g++
COLLECT_LTO_WRAPPER=/usr/lib/gcc/x86_64-linux-gnu/4.8/lto-wrapper
Target: x86_64-linux-gnu
Configured with: ../src/configure -v --with-pkgversion='Ubuntu 4.8.2-19ubuntu1' --with-bugurl=file:///usr/share/doc/gcc-4.8/README.Bugs --enable-languages=c,c++,java,go,d,fortran,objc,obj-c++ --prefix=/usr --program-suffix=-4.8 --enable-shared --enable-linker-build-id --libexecdir=/usr/lib --without-included-gettext --enable-threads=posix --with-gxx-include-dir=/usr/include/c++/4.8 --libdir=/usr/lib --enable-nls --with-sysroot=/ --enable-clocale=gnu --enable-libstdcxx-debug --enable-libstdcxx-time=yes --enable-gnu-unique-object --disable-libmudflap --enable-plugin --with-system-zlib --disable-browser-plugin --enable-java-awt=gtk --enable-gtk-cairo --with-java-home=/usr/lib/jvm/java-1.5.0-gcj-4.8-amd64/jre --enable-java-home --with-jvm-root-dir=/usr/lib/jvm/java-1.5.0-gcj-4.8-amd64 --with-jvm-jar-dir=/usr/lib/jvm-exports/java-1.5.0-gcj-4.8-amd64 --with-arch-directory=amd64 --with-ecj-jar=/usr/share/java/eclipse-ecj.jar --enable-objc-gc --enable-multiarch --disable-werror --with-arch-32=i686 --with-abi=m64 --with-multilib-list=m32,m64,mx32 --with-tune=generic --enable-checking=release --build=x86_64-linux-gnu --host=x86_64-linux-gnu --target=x86_64-linux-gnu
Thread model: posix
gcc version 4.8.2 (Ubuntu 4.8.2-19ubuntu1) 
configure:3045: $? = 0
configure:3034: g++ -V >&5
g++: error: unrecognized command line option '-V'
g++: fatal error: no input files
compilation terminated.
configure:3045: $? = 4
configure:3034: g++ -qversion >&5
g++: error: unrecognized command line option '-qversion'
g++: fatal error: no input files
compilation terminated.
configure:3045: $? = 4
configure:3065: checking whether the C++ compiler works
configure:3087: g++    conftest.cpp  >&5
configure:3091: $? = 0
configure:3139: result: yes
configure:3142: checking for C++ compiler default output file name
configure:3144: result: a.out
configure:3150: checking for suffix of executables
configure:3157: g++ -o conftest    conftest.cpp  >&5
configure:3161: $? = 0
configure:3183: result: 
configure:3205: checking whether we are cross compiling
configure:3213: g++ -o conftest    conftest.cpp  >&5
configure:3217: $? = 0
configure:3224: ./conftest
configure:3228: $? = 0
configure:3243: result: no
configure:3248: checking for suffix of object files
configure:3270: g++ -c   conftest.cpp >&5
configure:3274: $? = 0
configure:3295: result: o
configure:3299: checking whether we are using the GNU C++ compiler
configure:3318: g++ -c   conftest.cpp >&5
configure:3318: $? = 0
configure:3327: result: yes
configure:3336: checking whether g++ accepts -g
configure:3356: g++ -c -g  conftest.cpp >&5
configure:3356: $? = 0
configure:3397: result: yes
configure:3431: checking for style of include used by make
configure:3459: result: GNU
configure:3485: checking dependency style of g++
configure:3596: result: gcc3
configure:3640: checking build system type
configure:3654: result: x86_64-unknown-linux-gnu
configure:3674: checking host system type
configure:3687: result: x86_64-unknown-linux-gnu
configure:3728: checking how to print strings
configure:3755: result: printf
configure:3824: checking for gcc
configure:3840: found /usr/bin/gcc
configure:3851: result: gcc
configure:4080: checking for C compiler version
configure:4089: gcc --version >&5
gcc (Ubuntu 4.8.2-19ubuntu1) 4.8.2
Copyright (C) 2013 Free Software Foundation, Inc.
This is free software; see the source for copying conditions.  There is NO
warranty; not even for MERCHANTABILITY or FITNESS FOR A PARTICULAR PURPOSE.

configure:4100: $? = 0
configure:4089: gcc -v >&5
Using built-in specs.
COLLECT_GCC=gcc
COLLECT_LTO_WRAPPER=/usr/lib/gcc/x86_64-linux-gnu/4.8/lto-wrapper
Target: x86_64-linux-gnu
Configured with: ../src/configure -v --with-pkgversion='Ubuntu 4.8.2-19ubuntu1' --with-bugurl=file:///usr/share/doc/gcc-4.8/README.Bugs --enable-languages=c,c++,java,go,d,fortran,objc,obj-c++ --prefix=/usr --program-suffix=-4.8 --enable-shared --enable-linker-build-id --libexecdir=/usr/lib --without-included-gettext --enable-threads=posix --with-gxx-include-dir=/usr/include/c++/4.8 --libdir=/usr/lib --enable-nls --with-sysroot=/ --enable-clocale=gnu --enable-libstdcxx-debug --enable-libstdcxx-time=yes --enable-gnu-unique-object --disable-libmudflap --enable-plugin --with-system-zlib --disable-browser-plugin --enable-java-awt=gtk --enable-gtk-cairo --with-java-home=/usr/lib/jvm/java-1.5.0-gcj-4.8-amd64/jre --enable-java-home --with-jvm-root-dir=/usr/lib/jvm/java-1.5.0-gcj-4.8-amd64 --with-jvm-jar-dir=/usr/lib/jvm-exports/java-1.5.0-gcj-4.8-amd64 --with-arch-directory=amd64 --with-ecj-jar=/usr/share/java/eclipse-ecj.jar --enable-objc-gc --enable-multiarch --disable-werror --with-arch-32=i686 --with-abi=m64 --with-multilib-list=m32,m64,mx32 --with-tune=generic --enable-checking=release --build=x86_64-linux-gnu --host=x86_64-linux-gnu --target=x86_64-linux-gnu
Thread model: posix
gcc version 4.8.2 (Ubuntu 4.8.2-19ubuntu1) 
configure:4100: $? = 0
configure:4089: gcc -V >&5
gcc: error: unrecognized command line option '-V'
gcc: fatal error: no input files
compilation terminated.
configure:4100: $? = 4
configure:4089: gcc -qversion >&5
gcc: error: unrecognized command line option '-qversion'
gcc: fatal error: no input files
compilation terminated.
configure:4100: $? = 4
configure:4104: checking whether we are using the GNU C compiler
configure:4123: gcc -c   conftest.c >&5
configure:4123: $? = 0
configure:4132: result: yes
configure:4141: checking whether gcc accepts -g
configure:4161: gcc -c -g  conftest.c >&5
configure:4161: $? = 0
configure:4202: result: yes
configure:4219: checking for gcc option to accept ISO C89
configure:4282: gcc  -c -g -O2  conftest.c >&5
configure:4282: $? = 0
configure:4295: result: none needed
configure:4320: checking whether gcc understands -c and -o together
configure:4342: gcc -c conftest.c -o conftest2.o
configure:4345: $? = 0
configure:4342: gcc -c conftest.c -o conftest2.o
configure:4345: $? = 0
configure:4357: result: yes
configure:4376: checking dependency style of gcc
configure:4487: result: gcc3
configure:4502: checking for a sed that does not truncate output
configure:4566: result: /bin/sed
configure:4584: checking for grep that handles long lines and -e
configure:4642: result: /bin/grep
configure:4647: checking for egrep
configure:4709: result: /bin/grep -E
configure:4714: checking for fgrep
configure:4776: result: /bin/grep -F
configure:4811: checking for ld used by gcc
configure:4878: result: /usr/bin/ld
configure:4885: checking if the linker (/usr/bin/ld) is GNU ld
configure:4900: result: yes
configure:4912: checking for BSD- or MS-compatible name lister (nm)
configure:4961: result: /usr/bin/nm -B
configure:5091: checking the name lister (/usr/bin/nm -B) interface
configure:5098: g++ -c -g -O2  conftest.cpp >&5
configure:5101: /usr/bin/nm -B "conftest.o"
configure:5104: output
0000000000000000 B some_variable
configure:5111: result: BSD nm
configure:5114: checking whether ln -s works
configure:5118: result: yes
configure:5126: checking the maximum length of command line arguments
configure:5257: result: 3458764513820540925
configure:5274: checking whether the shell understands some XSI constructs
configure:5284: result: yes
configure:5288: checking whether the shell understands "+="
configure:5294: result: yes
configure:5329: checking how to convert x86_64-unknown-linux-gnu file names to x86_64-unknown-linux-gnu format
configure:5369: result: func_convert_file_noop
configure:5376: checking how to convert x86_64-unknown-linux-gnu file names to toolchain format
configure:5396: result: func_convert_file_noop
configure:5403: checking for /usr/bin/ld option to reload object files
configure:5410: result: -r
configure:5484: checking for objdump
configure:5500: found /usr/bin/objdump
configure:5511: result: objdump
configure:5543: checking how to recognize dependent libraries
configure:5741: result: pass_all
configure:5826: checking for dlltool
configure:5856: result: no
configure:5886: checking how to associate runtime and link libraries
configure:5913: result: printf %s\n
configure:5974: checking for ar
configure:5990: found /usr/bin/ar
configure:6001: result: ar
configure:6038: checking for archiver @FILE support
configure:6055: g++ -c -g -O2  conftest.cpp >&5
configure:6055: $? = 0
configure:6058: ar cru libconftest.a @conftest.lst >&5
configure:6061: $? = 0
configure:6066: ar cru libconftest.a @conftest.lst >&5
ar: conftest.o: No such file or directory
configure:6069: $? = 1
configure:6081: result: @
configure:6139: checking for strip
configure:6155: found /usr/bin/strip
configure:6166: result: strip
configure:6238: checking for ranlib
configure:6254: found /usr/bin/ranlib
configure:6265: result: ranlib
configure:6367: checking command to parse /usr/bin/nm -B output from gcc object
configure:6487: g++ -c -g -O2  conftest.cpp >&5
configure:6490: $? = 0
configure:6494: /usr/bin/nm -B conftest.o \| sed -n -e 's/^.*[ ]\([ABCDGIRSTW][ABCDGIRSTW]*\)[ ][ ]*\([_A-Za-z][_A-Za-z0-9]*\)$/\1 \2 \2/p' | sed '/ __gnu_lto/d' \> conftest.nm
configure:6497: $? = 0
configure:6563: g++ -o conftest -g -O2   conftest.cpp conftstm.o >&5
configure:6566: $? = 0
configure:6604: result: ok
configure:6641: checking for sysroot
configure:6671: result: no
configure:6749: g++ -c -g -O2  conftest.cpp >&5
configure:6752: $? = 0
configure:6941: checking for mt
configure:6957: found /bin/mt
configure:6968: result: mt
configure:6991: checking if mt is a manifest tool
configure:6997: mt '-?'
configure:7005: result: no
configure:7647: checking how to run the C preprocessor
configure:7678: gcc -E  conftest.c
configure:7678: $? = 0
configure:7692: gcc -E  conftest.c
conftest.c:11:28: fatal error: ac_nonexistent.h: No such file or directory
 #include <ac_nonexistent.h>
                            ^
compilation terminated.
configure:7692: $? = 1
configure: failed program was:
| /* confdefs.h */
| #define PACKAGE_NAME ""
| #define PACKAGE_TARNAME ""
| #define PACKAGE_VERSION ""
| #define PACKAGE_STRING ""
| #define PACKAGE_BUGREPORT ""
| #define PACKAGE_URL ""
| #define PACKAGE "OgreApp"
| #define VERSION "0.1"
| /* end confdefs.h.  */
| #include <ac_nonexistent.h>
configure:7717: result: gcc -E
configure:7737: gcc -E  conftest.c
configure:7737: $? = 0
configure:7751: gcc -E  conftest.c
conftest.c:11:28: fatal error: ac_nonexistent.h: No such file or directory
 #include <ac_nonexistent.h>
                            ^
compilation terminated.
configure:7751: $? = 1
configure: failed program was:
| /* confdefs.h */
| #define PACKAGE_NAME ""
| #define PACKAGE_TARNAME ""
| #define PACKAGE_VERSION ""
| #define PACKAGE_STRING ""
| #define PACKAGE_BUGREPORT ""
| #define PACKAGE_URL ""
| #define PACKAGE "OgreApp"
| #define VERSION "0.1"
| /* end confdefs.h.  */
| #include <ac_nonexistent.h>
configure:7780: checking for ANSI C header files
configure:7800: gcc -c -g -O2  conftest.c >&5
configure:7800: $? = 0
configure:7873: gcc -o conftest -g -O2   conftest.c  >&5
configure:7873: $? = 0
configure:7873: ./conftest
configure:7873: $? = 0
configure:7884: result: yes
configure:7897: checking for sys/types.h
configure:7897: gcc -c -g -O2  conftest.c >&5
configure:7897: $? = 0
configure:7897: result: yes
configure:7897: checking for sys/stat.h
configure:7897: gcc -c -g -O2  conftest.c >&5
configure:7897: $? = 0
configure:7897: result: yes
configure:7897: checking for stdlib.h
configure:7897: gcc -c -g -O2  conftest.c >&5
configure:7897: $? = 0
configure:7897: result: yes
configure:7897: checking for string.h
configure:7897: gcc -c -g -O2  conftest.c >&5
configure:7897: $? = 0
configure:7897: result: yes
configure:7897: checking for memory.h
configure:7897: gcc -c -g -O2  conftest.c >&5
configure:7897: $? = 0
configure:7897: result: yes
configure:7897: checking for strings.h
configure:7897: gcc -c -g -O2  conftest.c >&5
configure:7897: $? = 0
configure:7897: result: yes
configure:7897: checking for inttypes.h
configure:7897: gcc -c -g -O2  conftest.c >&5
configure:7897: $? = 0
configure:7897: result: yes
configure:7897: checking for stdint.h
configure:7897: gcc -c -g -O2  conftest.c >&5
configure:7897: $? = 0
configure:7897: result: yes
configure:7897: checking for unistd.h
configure:7897: gcc -c -g -O2  conftest.c >&5
configure:7897: $? = 0
configure:7897: result: yes
configure:7911: checking for dlfcn.h
configure:7911: gcc -c -g -O2  conftest.c >&5
configure:7911: $? = 0
configure:7911: result: yes
configure:8127: checking for objdir
configure:8142: result: .libs
configure:8413: checking if gcc supports -fno-rtti -fno-exceptions
configure:8431: gcc -c -g -O2  -fno-rtti -fno-exceptions conftest.c >&5
cc1: warning: command line option '-fno-rtti' is valid for C++/ObjC++ but not for C [enabled by default]
configure:8435: $? = 0
configure:8448: result: no
configure:8775: checking for gcc option to produce PIC
configure:8782: result: -fPIC -DPIC
configure:8790: checking if gcc PIC flag -fPIC -DPIC works
configure:8808: gcc -c -g -O2  -fPIC -DPIC -DPIC conftest.c >&5
configure:8812: $? = 0
configure:8825: result: yes
configure:8854: checking if gcc static flag -static works
configure:8882: result: yes
configure:8897: checking if gcc supports -c -o file.o
configure:8918: gcc -c -g -O2  -o out/conftest2.o conftest.c >&5
configure:8922: $? = 0
configure:8944: result: yes
configure:8952: checking if gcc supports -c -o file.o
configure:8999: result: yes
configure:9032: checking whether the gcc linker (/usr/bin/ld -m elf_x86_64) supports shared libraries
configure:10189: result: yes
configure:10226: checking whether -lc should be explicitly linked in
configure:10234: gcc -c -g -O2  conftest.c >&5
configure:10237: $? = 0
configure:10252: gcc -shared  -fPIC -DPIC conftest.o  -v -Wl,-soname -Wl,conftest -o conftest 2\>\&1 \| /bin/grep  -lc  \>/dev/null 2\>\&1
configure:10255: $? = 0
configure:10269: result: no
configure:10429: checking dynamic linker characteristics
configure:10929: gcc -o conftest -g -O2   -Wl,-rpath -Wl,/foo conftest.c  >&5
configure:10929: $? = 0
configure:11163: result: GNU/Linux ld.so
configure:11270: checking how to hardcode library paths into programs
configure:11295: result: immediate
configure:11835: checking whether stripping libraries is possible
configure:11840: result: yes
configure:11875: checking if libtool supports shared libraries
configure:11877: result: yes
configure:11880: checking whether to build shared libraries
configure:11901: result: yes
configure:11904: checking whether to build static libraries
configure:11908: result: yes
configure:11931: checking how to run the C++ preprocessor
configure:11958: g++ -E  conftest.cpp
configure:11958: $? = 0
configure:11972: g++ -E  conftest.cpp
conftest.cpp:23:28: fatal error: ac_nonexistent.h: No such file or directory
 #include <ac_nonexistent.h>
                            ^
compilation terminated.
configure:11972: $? = 1
configure: failed program was:
| /* confdefs.h */
| #define PACKAGE_NAME ""
| #define PACKAGE_TARNAME ""
| #define PACKAGE_VERSION ""
| #define PACKAGE_STRING ""
| #define PACKAGE_BUGREPORT ""
| #define PACKAGE_URL ""
| #define PACKAGE "OgreApp"
| #define VERSION "0.1"
| #define STDC_HEADERS 1
| #define HAVE_SYS_TYPES_H 1
| #define HAVE_SYS_STAT_H 1
| #define HAVE_STDLIB_H 1
| #define HAVE_STRING_H 1
| #define HAVE_MEMORY_H 1
| #define HAVE_STRINGS_H 1
| #define HAVE_INTTYPES_H 1
| #define HAVE_STDINT_H 1
| #define HAVE_UNISTD_H 1
| #define HAVE_DLFCN_H 1
| #define LT_OBJDIR ".libs/"
| /* end confdefs.h.  */
| #include <ac_nonexistent.h>
configure:11997: result: g++ -E
configure:12017: g++ -E  conftest.cpp
configure:12017: $? = 0
configure:12031: g++ -E  conftest.cpp
conftest.cpp:23:28: fatal error: ac_nonexistent.h: No such file or directory
 #include <ac_nonexistent.h>
                            ^
compilation terminated.
configure:12031: $? = 1
configure: failed program was:
| /* confdefs.h */
| #define PACKAGE_NAME ""
| #define PACKAGE_TARNAME ""
| #define PACKAGE_VERSION ""
| #define PACKAGE_STRING ""
| #define PACKAGE_BUGREPORT ""
| #define PACKAGE_URL ""
| #define PACKAGE "OgreApp"
| #define VERSION "0.1"
| #define STDC_HEADERS 1
| #define HAVE_SYS_TYPES_H 1
| #define HAVE_SYS_STAT_H 1
| #define HAVE_STDLIB_H 1
| #define HAVE_STRING_H 1
| #define HAVE_MEMORY_H 1
| #define HAVE_STRINGS_H 1
| #define HAVE_INTTYPES_H 1
| #define HAVE_STDINT_H 1
| #define HAVE_UNISTD_H 1
| #define HAVE_DLFCN_H 1
| #define LT_OBJDIR ".libs/"
| /* end confdefs.h.  */
| #include <ac_nonexistent.h>
configure:12200: checking for ld used by g++
configure:12267: result: /usr/bin/ld -m elf_x86_64
configure:12274: checking if the linker (/usr/bin/ld -m elf_x86_64) is GNU ld
configure:12289: result: yes
configure:12344: checking whether the g++ linker (/usr/bin/ld -m elf_x86_64) supports shared libraries
configure:13346: result: yes
configure:13382: g++ -c -g -O2  conftest.cpp >&5
configure:13385: $? = 0
configure:13905: checking for g++ option to produce PIC
configure:13912: result: -fPIC -DPIC
configure:13920: checking if g++ PIC flag -fPIC -DPIC works
configure:13938: g++ -c -g -O2  -fPIC -DPIC -DPIC conftest.cpp >&5
configure:13942: $? = 0
configure:13955: result: yes
configure:13978: checking if g++ static flag -static works
configure:14006: result: yes
configure:14018: checking if g++ supports -c -o file.o
configure:14039: g++ -c -g -O2  -o out/conftest2.o conftest.cpp >&5
configure:14043: $? = 0
configure:14065: result: yes
configure:14070: checking if g++ supports -c -o file.o
configure:14117: result: yes
configure:14147: checking whether the g++ linker (/usr/bin/ld -m elf_x86_64) supports shared libraries
configure:14186: result: yes
configure:14327: checking dynamic linker characteristics
configure:14995: result: GNU/Linux ld.so
configure:15048: checking how to hardcode library paths into programs
configure:15073: result: immediate
configure:15189: checking for pkg-config
configure:15207: found /usr/bin/pkg-config
configure:15219: result: /usr/bin/pkg-config
configure:15244: checking pkg-config is at least version 0.9.0
configure:15247: result: yes
configure:15257: checking for OGRE
configure:15264: $PKG_CONFIG --exists --print-errors "OGRE >= 1.2"
configure:15267: $? = 0
configure:15281: $PKG_CONFIG --exists --print-errors "OGRE >= 1.2"
configure:15284: $? = 0
configure:15342: result: yes
configure:15351: checking for OIS
configure:15358: $PKG_CONFIG --exists --print-errors "OIS >= 1.0"
configure:15361: $? = 0
configure:15375: $PKG_CONFIG --exists --print-errors "OIS >= 1.0"
configure:15378: $? = 0
configure:15436: result: yes
configure:15445: checking for bullet
configure:15452: $PKG_CONFIG --exists --print-errors "bullet >= 2.79"
configure:15455: $? = 0
configure:15469: $PKG_CONFIG --exists --print-errors "bullet >= 2.79"
configure:15472: $? = 0
configure:15530: result: yes
configure:15539: checking for CEGUI
configure:15546: $PKG_CONFIG --exists --print-errors "CEGUI >= 0.7"
configure:15549: $? = 0
configure:15563: $PKG_CONFIG --exists --print-errors "CEGUI >= 0.7"
configure:15566: $? = 0
configure:15624: result: yes
configure:15633: checking for CEGUI_OGRE
configure:15640: $PKG_CONFIG --exists --print-errors "CEGUI-OGRE >= 0.7"
configure:15643: $? = 0
configure:15657: $PKG_CONFIG --exists --print-errors "CEGUI-OGRE >= 0.7"
configure:15660: $? = 0
configure:15718: result: yes
configure:15846: checking that generated files are newer than configure
configure:15852: result: done
configure:15879: creating ./config.status

## ---------------- ##
## Cache variables. ##
## ---------------- ##

ac_cv_build=x86_64-unknown-linux-gnu
ac_cv_c_compiler_gnu=yes
ac_cv_cxx_compiler_gnu=yes
ac_cv_env_CCC_set=
ac_cv_env_CCC_value=
ac_cv_env_CC_set=
ac_cv_env_CC_value=
ac_cv_env_CEGUI_CFLAGS_set=
ac_cv_env_CEGUI_CFLAGS_value=
ac_cv_env_CEGUI_LIBS_set=
ac_cv_env_CEGUI_LIBS_value=
ac_cv_env_CEGUI_OGRE_CFLAGS_set=
ac_cv_env_CEGUI_OGRE_CFLAGS_value=
ac_cv_env_CEGUI_OGRE_LIBS_set=
ac_cv_env_CEGUI_OGRE_LIBS_value=
ac_cv_env_CFLAGS_set=
ac_cv_env_CFLAGS_value=
ac_cv_env_CPPFLAGS_set=
ac_cv_env_CPPFLAGS_value=
ac_cv_env_CPP_set=
ac_cv_env_CPP_value=
ac_cv_env_CXXCPP_set=
ac_cv_env_CXXCPP_value=
ac_cv_env_CXXFLAGS_set=
ac_cv_env_CXXFLAGS_value=
ac_cv_env_CXX_set=
ac_cv_env_CXX_value=
ac_cv_env_LDFLAGS_set=
ac_cv_env_LDFLAGS_value=
ac_cv_env_LIBS_set=
ac_cv_env_LIBS_value=
ac_cv_env_OGRE_CFLAGS_set=
ac_cv_env_OGRE_CFLAGS_value=
ac_cv_env_OGRE_LIBS_set=
ac_cv_env_OGRE_LIBS_value=
ac_cv_env_OIS_CFLAGS_set=
ac_cv_env_OIS_CFLAGS_value=
ac_cv_env_OIS_LIBS_set=
ac_cv_env_OIS_LIBS_value=
ac_cv_env_PKG_CONFIG_LIBDIR_set=
ac_cv_env_PKG_CONFIG_LIBDIR_value=
ac_cv_env_PKG_CONFIG_PATH_set=set
ac_cv_env_PKG_CONFIG_PATH_value=:/opt/OGRE-1.8/lib/pkgconfig
ac_cv_env_PKG_CONFIG_set=
ac_cv_env_PKG_CONFIG_value=
ac_cv_env_build_alias_set=
ac_cv_env_build_alias_value=
ac_cv_env_bullet_CFLAGS_set=
ac_cv_env_bullet_CFLAGS_value=
ac_cv_env_bullet_LIBS_set=
ac_cv_env_bullet_LIBS_value=
ac_cv_env_host_alias_set=
ac_cv_env_host_alias_value=
ac_cv_env_target_alias_set=
ac_cv_env_target_alias_value=
ac_cv_header_dlfcn_h=yes
ac_cv_header_inttypes_h=yes
ac_cv_header_memory_h=yes
ac_cv_header_stdc=yes
ac_cv_header_stdint_h=yes
ac_cv_header_stdlib_h=yes
ac_cv_header_string_h=yes
ac_cv_header_strings_h=yes
ac_cv_header_sys_stat_h=yes
ac_cv_header_sys_types_h=yes
ac_cv_header_unistd_h=yes
ac_cv_host=x86_64-unknown-linux-gnu
ac_cv_objext=o
ac_cv_path_EGREP='/bin/grep -E'
ac_cv_path_FGREP='/bin/grep -F'
ac_cv_path_GREP=/bin/grep
ac_cv_path_SED=/bin/sed
ac_cv_path_ac_pt_PKG_CONFIG=/usr/bin/pkg-config
ac_cv_path_install='/usr/bin/install -c'
ac_cv_path_mkdir=/bin/mkdir
ac_cv_prog_AWK=mawk
ac_cv_prog_CPP='gcc -E'
ac_cv_prog_CXXCPP='g++ -E'
ac_cv_prog_ac_ct_AR=ar
ac_cv_prog_ac_ct_CC=gcc
ac_cv_prog_ac_ct_CXX=g++
ac_cv_prog_ac_ct_MANIFEST_TOOL=mt
ac_cv_prog_ac_ct_OBJDUMP=objdump
ac_cv_prog_ac_ct_RANLIB=ranlib
ac_cv_prog_ac_ct_STRIP=strip
ac_cv_prog_cc_c89=
ac_cv_prog_cc_g=yes
ac_cv_prog_cxx_g=yes
ac_cv_prog_make_make_set=yes
am_cv_CC_dependencies_compiler_type=gcc3
am_cv_CXX_dependencies_compiler_type=gcc3
am_cv_make_support_nested_variables=yes
am_cv_prog_cc_c_o=yes
lt_cv_ar_at_file=@
lt_cv_archive_cmds_need_lc=no
lt_cv_deplibs_check_method=pass_all
lt_cv_file_magic_cmd='$MAGIC_CMD'
lt_cv_file_magic_test_file=
lt_cv_ld_reload_flag=-r
lt_cv_nm_interface='BSD nm'
lt_cv_objdir=.libs
lt_cv_path_LD=/usr/bin/ld
lt_cv_path_LDCXX='/usr/bin/ld -m elf_x86_64'
lt_cv_path_NM='/usr/bin/nm -B'
lt_cv_path_mainfest_tool=no
lt_cv_prog_compiler_c_o=yes
lt_cv_prog_compiler_c_o_CXX=yes
lt_cv_prog_compiler_pic='-fPIC -DPIC'
lt_cv_prog_compiler_pic_CXX='-fPIC -DPIC'
lt_cv_prog_compiler_pic_works=yes
lt_cv_prog_compiler_pic_works_CXX=yes
lt_cv_prog_compiler_rtti_exceptions=no
lt_cv_prog_compiler_static_works=yes
lt_cv_prog_compiler_static_works_CXX=yes
lt_cv_prog_gnu_ld=yes
lt_cv_prog_gnu_ldcxx=yes
lt_cv_sharedlib_from_linklib_cmd='printf %s\n'
lt_cv_shlibpath_overrides_runpath=no
lt_cv_sys_global_symbol_pipe='sed -n -e '\''s/^.*[	 ]\([ABCDGIRSTW][ABCDGIRSTW]*\)[	 ][	 ]*\([_A-Za-z][_A-Za-z0-9]*\)$/\1 \2 \2/p'\'' | sed '\''/ __gnu_lto/d'\'''
lt_cv_sys_global_symbol_to_c_name_address='sed -n -e '\''s/^: \([^ ]*\)[ ]*$/  {\"\1\", (void *) 0},/p'\'' -e '\''s/^[ABCDGIRSTW]* \([^ ]*\) \([^ ]*\)$/  {"\2", (void *) \&\2},/p'\'''
lt_cv_sys_global_symbol_to_c_name_address_lib_prefix='sed -n -e '\''s/^: \([^ ]*\)[ ]*$/  {\"\1\", (void *) 0},/p'\'' -e '\''s/^[ABCDGIRSTW]* \([^ ]*\) \(lib[^ ]*\)$/  {"\2", (void *) \&\2},/p'\'' -e '\''s/^[ABCDGIRSTW]* \([^ ]*\) \([^ ]*\)$/  {"lib\2", (void *) \&\2},/p'\'''
lt_cv_sys_global_symbol_to_cdecl='sed -n -e '\''s/^T .* \(.*\)$/extern int \1();/p'\'' -e '\''s/^[ABCDGIRSTW]* .* \(.*\)$/extern char \1;/p'\'''
lt_cv_sys_max_cmd_len=3458764513820540925
lt_cv_to_host_file_cmd=func_convert_file_noop
lt_cv_to_tool_file_cmd=func_convert_file_noop
pkg_cv_CEGUI_CFLAGS='-I/usr/include/CEGUI  '
pkg_cv_CEGUI_LIBS='-lCEGUIBase  '
pkg_cv_CEGUI_OGRE_CFLAGS='-pthread -I/usr/include/OGRE -I/usr/include/CEGUI  '
pkg_cv_CEGUI_OGRE_LIBS='-lCEGUIOgreRenderer -lOgreMain -lpthread -lCEGUIBase  '
pkg_cv_OGRE_CFLAGS='-pthread -I/usr/include/OGRE  '
pkg_cv_OGRE_LIBS='-lOgreMain -lpthread  '
pkg_cv_OIS_CFLAGS='-I/usr/include/ois  '
pkg_cv_OIS_LIBS='-lOIS  '
pkg_cv_bullet_CFLAGS='-I/usr/include/bullet  '
pkg_cv_bullet_LIBS='-lBulletSoftBody -lBulletDynamics -lBulletCollision -lLinearMath  '

## ----------------- ##
## Output variables. ##
## ----------------- ##

ACLOCAL='${SHELL} /home/kyeh/cs/git/Super-Ogre-Ball/missing aclocal-1.14'
AMDEPBACKSLASH='\'
AMDEP_FALSE='#'
AMDEP_TRUE=''
AMTAR='$${TAR-tar}'
AM_BACKSLASH='\'
AM_DEFAULT_V='$(AM_DEFAULT_VERBOSITY)'
AM_DEFAULT_VERBOSITY='1'
AM_V='$(V)'
AR='ar'
AUTOCONF='${SHELL} /home/kyeh/cs/git/Super-Ogre-Ball/missing autoconf'
AUTOHEADER='${SHELL} /home/kyeh/cs/git/Super-Ogre-Ball/missing autoheader'
AUTOMAKE='${SHELL} /home/kyeh/cs/git/Super-Ogre-Ball/missing automake-1.14'
AWK='mawk'
BULLET_CFLAGS=''
BULLET_LIBS=''
CC='gcc'
CCDEPMODE='depmode=gcc3'
CEGUI_CFLAGS='-I/usr/include/CEGUI  '
CEGUI_LIBS='-lCEGUIBase  '
CEGUI_OGRE_CFLAGS='-pthread -I/usr/include/OGRE -I/usr/include/CEGUI  '
CEGUI_OGRE_LIBS='-lCEGUIOgreRenderer -lOgreMain -lpthread -lCEGUIBase  '
CFLAGS='-g -O2'
CPP='gcc -E'
CPPFLAGS=''
CXX='g++'
CXXCPP='g++ -E'
CXXDEPMODE='depmode=gcc3'
CXXFLAGS='-g -O2'
CYGPATH_W='echo'
DEFS='-DHAVE_CONFIG_H'
DEPDIR='.deps'
DLLTOOL='false'
DSYMUTIL=''
DUMPBIN=''
ECHO_C=''
ECHO_N='-n'
ECHO_T=''
EGREP='/bin/grep -E'
EXEEXT=''
FGREP='/bin/grep -F'
GREP='/bin/grep'
INSTALL_DATA='${INSTALL} -m 644'
INSTALL_PROGRAM='${INSTALL}'
INSTALL_SCRIPT='${INSTALL}'
INSTALL_STRIP_PROGRAM='$(install_sh) -c -s'
LD='/usr/bin/ld -m elf_x86_64'
LDFLAGS=''
LIBOBJS=''
LIBS=''
LIBTOOL='$(SHELL) $(top_builddir)/libtool'
LIPO=''
LN_S='ln -s'
LTLIBOBJS=''
MAKEINFO='${SHELL} /home/kyeh/cs/git/Super-Ogre-Ball/missing makeinfo'
MANIFEST_TOOL=':'
MKDIR_P='/bin/mkdir -p'
NM='/usr/bin/nm -B'
NMEDIT=''
OBJDUMP='objdump'
OBJEXT='o'
OGRE_CFLAGS='-pthread -I/usr/include/OGRE  '
OGRE_LIBS='-lOgreMain -lpthread  '
OIS_CFLAGS='-I/usr/include/ois  '
OIS_LIBS='-lOIS  '
OTOOL64=''
OTOOL=''
PACKAGE='OgreApp'
PACKAGE_BUGREPORT=''
PACKAGE_NAME=''
PACKAGE_STRING=''
PACKAGE_TARNAME=''
PACKAGE_URL=''
PACKAGE_VERSION=''
PATH_SEPARATOR=':'
PKG_CONFIG='/usr/bin/pkg-config'
PKG_CONFIG_LIBDIR=''
PKG_CONFIG_PATH=':/opt/OGRE-1.8/lib/pkgconfig'
RANLIB='ranlib'
SDLMIXER_CFLAGS='-I/usr/include/SDL -D_GNU_SOURCE=1 -D_REENTRANT'
SDLMIXER_LIBS='-L/usr/lib/x86_64-linux-gnu -lSDL -lSDL_mixer'
SDLNET_CFLAGS='-I/usr/include/SDL -D_GNU_SOURCE=1 -D_REENTRANT'
SDLNET_LIBS='-L/usr/lib/x86_64-linux-gnu -lSDL -lSDL_net'
SED='/bin/sed'
SET_MAKE=''
SHELL='/bin/bash'
STRIP='strip'
VERSION='0.1'
ac_ct_AR='ar'
ac_ct_CC='gcc'
ac_ct_CXX='g++'
ac_ct_DUMPBIN=''
am__EXEEXT_FALSE=''
am__EXEEXT_TRUE='#'
am__fastdepCC_FALSE='#'
am__fastdepCC_TRUE=''
am__fastdepCXX_FALSE='#'
am__fastdepCXX_TRUE=''
am__include='include'
am__isrc=''
am__leading_dot='.'
am__nodep='_no'
am__quote=''
am__tar='$${TAR-tar} chof - "$$tardir"'
am__untar='$${TAR-tar} xf -'
bindir='${exec_prefix}/bin'
build='x86_64-unknown-linux-gnu'
build_alias=''
build_cpu='x86_64'
build_os='linux-gnu'
build_vendor='unknown'
bullet_CFLAGS='-I/usr/include/bullet  '
bullet_LIBS='-lBulletSoftBody -lBulletDynamics -lBulletCollision -lLinearMath  '
datadir='${datarootdir}'
datarootdir='${prefix}/share'
docdir='${datarootdir}/doc/${PACKAGE}'
dvidir='${docdir}'
exec_prefix='${prefix}'
host='x86_64-unknown-linux-gnu'
host_alias=''
host_cpu='x86_64'
host_os='linux-gnu'
host_vendor='unknown'
htmldir='${docdir}'
includedir='${prefix}/include'
infodir='${datarootdir}/info'
install_sh='${SHELL} /home/kyeh/cs/git/Super-Ogre-Ball/install-sh'
libdir='${exec_prefix}/lib'
libexecdir='${exec_prefix}/libexec'
localedir='${datarootdir}/locale'
localstatedir='${prefix}/var'
mandir='${datarootdir}/man'
mkdir_p='$(MKDIR_P)'
oldincludedir='/usr/include'
pdfdir='${docdir}'
prefix='/usr/local'
program_transform_name='s,x,x,'
psdir='${docdir}'
sbindir='${exec_prefix}/sbin'
sharedstatedir='${prefix}/com'
sysconfdir='${prefix}/etc'
target_alias=''

## ----------- ##
## confdefs.h. ##
## ----------- ##

/* confdefs.h */
#define PACKAGE_NAME ""
#define PACKAGE_TARNAME ""
#define PACKAGE_VERSION ""
#define PACKAGE_STRING ""
#define PACKAGE_BUGREPORT ""
#define PACKAGE_URL ""
#define PACKAGE "OgreApp"
#define VERSION "0.1"
#define STDC_HEADERS 1
#define HAVE_SYS_TYPES_H 1
#define HAVE_SYS_STAT_H 1
#define HAVE_STDLIB_H 1
#define HAVE_STRING_H 1
#define HAVE_MEMORY_H 1
#define HAVE_STRINGS_H 1
#define HAVE_INTTYPES_H 1
#define HAVE_STDINT_H 1
#define HAVE_UNISTD_H 1
#define HAVE_DLFCN_H 1
#define LT_OBJDIR ".libs/"

configure: exit 0

## ---------------------- ##
## Running config.status. ##
## ---------------------- ##

This file was extended by config.status, which was
generated by GNU Autoconf 2.69.  Invocation command line was

  CONFIG_FILES    = 
  CONFIG_HEADERS  = 
  CONFIG_LINKS    = 
  CONFIG_COMMANDS = 
  $ ./config.status 

on kyeh-yoga

config.status:1162: creating Makefile
config.status:1162: creating config.h
config.status:1343: config.h is unchanged
config.status:1391: executing depfiles commands
config.status:1391: executing libtool commands

## ---------------------- ##
## Running config.status. ##
## ---------------------- ##

This file was extended by config.status, which was
generated by GNU Autoconf 2.69.  Invocation command line was

  CONFIG_FILES    = 
  CONFIG_HEADERS  = 
  CONFIG_LINKS    = 
  CONFIG_COMMANDS = 
  $ ./config.status config.h

on kyeh-yoga

config.status:1162: creating config.h
config.status:1343: config.h is unchanged
